<?xml version="1.0" encoding="UTF-8"?>
<testsuite name="com.example.lecture_spring_2_crudproject.LectureSpring2CrudProjectApplicationTests" tests="1" skipped="0" failures="0" errors="0" timestamp="2022-08-30T03:27:22" hostname="DESKTOP-1NCQTL6" time="18.182">
  <properties/>
  <testcase name="Scraping()" classname="com.example.lecture_spring_2_crudproject.LectureSpring2CrudProjectApplicationTests" time="18.182"/>
  <system-out><![CDATA[12:27:08.032 [Test worker] DEBUG org.springframework.test.context.BootstrapUtils - Instantiating CacheAwareContextLoaderDelegate from class [org.springframework.test.context.cache.DefaultCacheAwareContextLoaderDelegate]
12:27:08.052 [Test worker] DEBUG org.springframework.test.context.BootstrapUtils - Instantiating BootstrapContext using constructor [public org.springframework.test.context.support.DefaultBootstrapContext(java.lang.Class,org.springframework.test.context.CacheAwareContextLoaderDelegate)]
12:27:08.107 [Test worker] DEBUG org.springframework.test.context.BootstrapUtils - Instantiating TestContextBootstrapper for test class [com.example.lecture_spring_2_crudproject.LectureSpring2CrudProjectApplicationTests] from class [org.springframework.boot.test.context.SpringBootTestContextBootstrapper]
12:27:08.125 [Test worker] INFO org.springframework.boot.test.context.SpringBootTestContextBootstrapper - Neither @ContextConfiguration nor @ContextHierarchy found for test class [com.example.lecture_spring_2_crudproject.LectureSpring2CrudProjectApplicationTests], using SpringBootContextLoader
12:27:08.130 [Test worker] DEBUG org.springframework.test.context.support.AbstractContextLoader - Did not detect default resource location for test class [com.example.lecture_spring_2_crudproject.LectureSpring2CrudProjectApplicationTests]: class path resource [com/example/lecture_spring_2_crudproject/LectureSpring2CrudProjectApplicationTests-context.xml] does not exist
12:27:08.132 [Test worker] DEBUG org.springframework.test.context.support.AbstractContextLoader - Did not detect default resource location for test class [com.example.lecture_spring_2_crudproject.LectureSpring2CrudProjectApplicationTests]: class path resource [com/example/lecture_spring_2_crudproject/LectureSpring2CrudProjectApplicationTestsContext.groovy] does not exist
12:27:08.133 [Test worker] INFO org.springframework.test.context.support.AbstractContextLoader - Could not detect default resource locations for test class [com.example.lecture_spring_2_crudproject.LectureSpring2CrudProjectApplicationTests]: no resource found for suffixes {-context.xml, Context.groovy}.
12:27:08.134 [Test worker] INFO org.springframework.test.context.support.AnnotationConfigContextLoaderUtils - Could not detect default configuration classes for test class [com.example.lecture_spring_2_crudproject.LectureSpring2CrudProjectApplicationTests]: LectureSpring2CrudProjectApplicationTests does not declare any static, non-private, non-final, nested classes annotated with @Configuration.
12:27:08.212 [Test worker] DEBUG org.springframework.test.context.support.ActiveProfilesUtils - Could not find an 'annotation declaring class' for annotation type [org.springframework.test.context.ActiveProfiles] and class [com.example.lecture_spring_2_crudproject.LectureSpring2CrudProjectApplicationTests]
12:27:08.311 [Test worker] DEBUG org.springframework.context.annotation.ClassPathScanningCandidateComponentProvider - Identified candidate component class: file [C:\work\wp\Day73\lecture_spring_2_crudProject\build\classes\java\main\com\example\lecture_spring_2_crudproject\LectureSpring2CrudProjectApplication.class]
12:27:08.313 [Test worker] INFO org.springframework.boot.test.context.SpringBootTestContextBootstrapper - Found @SpringBootConfiguration com.example.lecture_spring_2_crudproject.LectureSpring2CrudProjectApplication for test class com.example.lecture_spring_2_crudproject.LectureSpring2CrudProjectApplicationTests
12:27:08.516 [Test worker] DEBUG org.springframework.boot.test.context.SpringBootTestContextBootstrapper - @TestExecutionListeners is not present for class [com.example.lecture_spring_2_crudproject.LectureSpring2CrudProjectApplicationTests]: using defaults.
12:27:08.517 [Test worker] INFO org.springframework.boot.test.context.SpringBootTestContextBootstrapper - Loaded default TestExecutionListener class names from location [META-INF/spring.factories]: [org.springframework.boot.test.autoconfigure.restdocs.RestDocsTestExecutionListener, org.springframework.boot.test.autoconfigure.web.client.MockRestServiceServerResetTestExecutionListener, org.springframework.boot.test.autoconfigure.web.servlet.MockMvcPrintOnlyOnFailureTestExecutionListener, org.springframework.boot.test.autoconfigure.web.servlet.WebDriverTestExecutionListener, org.springframework.boot.test.autoconfigure.webservices.client.MockWebServiceServerTestExecutionListener, org.springframework.boot.test.mock.mockito.MockitoTestExecutionListener, org.springframework.boot.test.mock.mockito.ResetMocksTestExecutionListener, org.springframework.test.context.web.ServletTestExecutionListener, org.springframework.test.context.support.DirtiesContextBeforeModesTestExecutionListener, org.springframework.test.context.event.ApplicationEventsTestExecutionListener, org.springframework.test.context.support.DependencyInjectionTestExecutionListener, org.springframework.test.context.support.DirtiesContextTestExecutionListener, org.springframework.test.context.transaction.TransactionalTestExecutionListener, org.springframework.test.context.jdbc.SqlScriptsTestExecutionListener, org.springframework.test.context.event.EventPublishingTestExecutionListener]
12:27:08.555 [Test worker] INFO org.springframework.boot.test.context.SpringBootTestContextBootstrapper - Using TestExecutionListeners: [org.springframework.test.context.web.ServletTestExecutionListener@209775a9, org.springframework.test.context.support.DirtiesContextBeforeModesTestExecutionListener@18e7143f, org.springframework.test.context.event.ApplicationEventsTestExecutionListener@f9b7332, org.springframework.boot.test.mock.mockito.MockitoTestExecutionListener@74cec793, org.springframework.boot.test.autoconfigure.SpringBootDependencyInjectionTestExecutionListener@6fefce9e, org.springframework.test.context.support.DirtiesContextTestExecutionListener@4f8969b0, org.springframework.test.context.transaction.TransactionalTestExecutionListener@1bdf8190, org.springframework.test.context.jdbc.SqlScriptsTestExecutionListener@192f2f27, org.springframework.test.context.event.EventPublishingTestExecutionListener@8a589a2, org.springframework.boot.test.autoconfigure.restdocs.RestDocsTestExecutionListener@c65a5ef, org.springframework.boot.test.autoconfigure.web.client.MockRestServiceServerResetTestExecutionListener@6b5176f2, org.springframework.boot.test.autoconfigure.web.servlet.MockMvcPrintOnlyOnFailureTestExecutionListener@b672aa8, org.springframework.boot.test.autoconfigure.web.servlet.WebDriverTestExecutionListener@2fab4aff, org.springframework.boot.test.autoconfigure.webservices.client.MockWebServiceServerTestExecutionListener@ec0c838, org.springframework.boot.test.mock.mockito.ResetMocksTestExecutionListener@6e46d9f4]
12:27:08.563 [Test worker] DEBUG org.springframework.test.context.support.AbstractDirtiesContextTestExecutionListener - Before test class: context [DefaultTestContext@4b6166aa testClass = LectureSpring2CrudProjectApplicationTests, testInstance = [null], testMethod = [null], testException = [null], mergedContextConfiguration = [WebMergedContextConfiguration@a77614d testClass = LectureSpring2CrudProjectApplicationTests, locations = '{}', classes = '{class com.example.lecture_spring_2_crudproject.LectureSpring2CrudProjectApplication}', contextInitializerClasses = '[]', activeProfiles = '{}', propertySourceLocations = '{}', propertySourceProperties = '{org.springframework.boot.test.context.SpringBootTestContextBootstrapper=true}', contextCustomizers = set[org.springframework.boot.test.autoconfigure.actuate.metrics.MetricsExportContextCustomizerFactory$DisableMetricExportContextCustomizer@1fdf1c5, org.springframework.boot.test.autoconfigure.properties.PropertyMappingContextCustomizer@0, org.springframework.boot.test.autoconfigure.web.servlet.WebDriverContextCustomizerFactory$Customizer@604f2bd2, org.springframework.boot.test.context.filter.ExcludeFilterContextCustomizer@30b19518, org.springframework.boot.test.json.DuplicateJsonObjectContextCustomizerFactory$DuplicateJsonObjectContextCustomizer@62e20a76, org.springframework.boot.test.mock.mockito.MockitoContextCustomizer@0, org.springframework.boot.test.web.client.TestRestTemplateContextCustomizer@28e8dde3, org.springframework.boot.test.context.SpringBootTestArgs@1, org.springframework.boot.test.context.SpringBootTestWebEnvironment@2d52216b], resourceBasePath = 'src/main/webapp', contextLoader = 'org.springframework.boot.test.context.SpringBootContextLoader', parent = [null]], attributes = map['org.springframework.test.context.web.ServletTestExecutionListener.activateListener' -> true]], class annotated with @DirtiesContext [false] with mode [null].

  .   ____          _            __ _ _
 /\\ / ___'_ __ _ _(_)_ __  __ _ \ \ \ \
( ( )\___ | '_ | '_| | '_ \/ _` | \ \ \ \
 \\/  ___)| |_)| | | | | || (_| |  ) ) ) )
  '  |____| .__|_| |_|_| |_\__, | / / / /
 =========|_|==============|___/=/_/_/_/
 :: Spring Boot ::                (v2.7.2)

2022-08-30 12:27:09.116  INFO 9780 --- [    Test worker] ectureSpring2CrudProjectApplicationTests : Starting LectureSpring2CrudProjectApplicationTests using Java 17.0.4 on DESKTOP-1NCQTL6 with PID 9780 (started by admin in C:\work\wp\Day73\lecture_spring_2_crudProject)
2022-08-30 12:27:09.119  INFO 9780 --- [    Test worker] ectureSpring2CrudProjectApplicationTests : No active profile set, falling back to 1 default profile: "default"
2022-08-30 12:27:10.410  INFO 9780 --- [    Test worker] .s.d.r.c.RepositoryConfigurationDelegate : Bootstrapping Spring Data JPA repositories in DEFAULT mode.
2022-08-30 12:27:10.549  INFO 9780 --- [    Test worker] .s.d.r.c.RepositoryConfigurationDelegate : Finished Spring Data repository scanning in 121 ms. Found 6 JPA repository interfaces.
2022-08-30 12:27:11.857  INFO 9780 --- [    Test worker] o.hibernate.jpa.internal.util.LogHelper  : HHH000204: Processing PersistenceUnitInfo [name: default]
2022-08-30 12:27:11.947  INFO 9780 --- [    Test worker] org.hibernate.Version                    : HHH000412: Hibernate ORM core version 5.6.10.Final
2022-08-30 12:27:12.217  INFO 9780 --- [    Test worker] o.hibernate.annotations.common.Version   : HCANN000001: Hibernate Commons Annotations {5.1.2.Final}
2022-08-30 12:27:12.274 DEBUG 9780 --- [    Test worker] org.hibernate.type.BasicTypeRegistry     : Adding type registration boolean -> org.hibernate.type.BooleanType@54247647
2022-08-30 12:27:12.275 DEBUG 9780 --- [    Test worker] org.hibernate.type.BasicTypeRegistry     : Adding type registration boolean -> org.hibernate.type.BooleanType@54247647
2022-08-30 12:27:12.275 DEBUG 9780 --- [    Test worker] org.hibernate.type.BasicTypeRegistry     : Adding type registration java.lang.Boolean -> org.hibernate.type.BooleanType@54247647
2022-08-30 12:27:12.276 DEBUG 9780 --- [    Test worker] org.hibernate.type.BasicTypeRegistry     : Adding type registration numeric_boolean -> org.hibernate.type.NumericBooleanType@230232b0
2022-08-30 12:27:12.277 DEBUG 9780 --- [    Test worker] org.hibernate.type.BasicTypeRegistry     : Adding type registration true_false -> org.hibernate.type.TrueFalseType@5b742bc8
2022-08-30 12:27:12.278 DEBUG 9780 --- [    Test worker] org.hibernate.type.BasicTypeRegistry     : Adding type registration yes_no -> org.hibernate.type.YesNoType@8f57e4c
2022-08-30 12:27:12.281 DEBUG 9780 --- [    Test worker] org.hibernate.type.BasicTypeRegistry     : Adding type registration byte -> org.hibernate.type.ByteType@23ad2d17
2022-08-30 12:27:12.281 DEBUG 9780 --- [    Test worker] org.hibernate.type.BasicTypeRegistry     : Adding type registration byte -> org.hibernate.type.ByteType@23ad2d17
2022-08-30 12:27:12.281 DEBUG 9780 --- [    Test worker] org.hibernate.type.BasicTypeRegistry     : Adding type registration java.lang.Byte -> org.hibernate.type.ByteType@23ad2d17
2022-08-30 12:27:12.283 DEBUG 9780 --- [    Test worker] org.hibernate.type.BasicTypeRegistry     : Adding type registration character -> org.hibernate.type.CharacterType@65f3e805
2022-08-30 12:27:12.283 DEBUG 9780 --- [    Test worker] org.hibernate.type.BasicTypeRegistry     : Adding type registration char -> org.hibernate.type.CharacterType@65f3e805
2022-08-30 12:27:12.284 DEBUG 9780 --- [    Test worker] org.hibernate.type.BasicTypeRegistry     : Adding type registration java.lang.Character -> org.hibernate.type.CharacterType@65f3e805
2022-08-30 12:27:12.287 DEBUG 9780 --- [    Test worker] org.hibernate.type.BasicTypeRegistry     : Adding type registration short -> org.hibernate.type.ShortType@5002fde9
2022-08-30 12:27:12.288 DEBUG 9780 --- [    Test worker] org.hibernate.type.BasicTypeRegistry     : Adding type registration short -> org.hibernate.type.ShortType@5002fde9
2022-08-30 12:27:12.288 DEBUG 9780 --- [    Test worker] org.hibernate.type.BasicTypeRegistry     : Adding type registration java.lang.Short -> org.hibernate.type.ShortType@5002fde9
2022-08-30 12:27:12.290 DEBUG 9780 --- [    Test worker] org.hibernate.type.BasicTypeRegistry     : Adding type registration integer -> org.hibernate.type.IntegerType@f559c74
2022-08-30 12:27:12.290 DEBUG 9780 --- [    Test worker] org.hibernate.type.BasicTypeRegistry     : Adding type registration int -> org.hibernate.type.IntegerType@f559c74
2022-08-30 12:27:12.290 DEBUG 9780 --- [    Test worker] org.hibernate.type.BasicTypeRegistry     : Adding type registration java.lang.Integer -> org.hibernate.type.IntegerType@f559c74
2022-08-30 12:27:12.292 DEBUG 9780 --- [    Test worker] org.hibernate.type.BasicTypeRegistry     : Adding type registration long -> org.hibernate.type.LongType@59918c8f
2022-08-30 12:27:12.292 DEBUG 9780 --- [    Test worker] org.hibernate.type.BasicTypeRegistry     : Adding type registration long -> org.hibernate.type.LongType@59918c8f
2022-08-30 12:27:12.292 DEBUG 9780 --- [    Test worker] org.hibernate.type.BasicTypeRegistry     : Adding type registration java.lang.Long -> org.hibernate.type.LongType@59918c8f
2022-08-30 12:27:12.294 DEBUG 9780 --- [    Test worker] org.hibernate.type.BasicTypeRegistry     : Adding type registration float -> org.hibernate.type.FloatType@734ce281
2022-08-30 12:27:12.295 DEBUG 9780 --- [    Test worker] org.hibernate.type.BasicTypeRegistry     : Adding type registration float -> org.hibernate.type.FloatType@734ce281
2022-08-30 12:27:12.295 DEBUG 9780 --- [    Test worker] org.hibernate.type.BasicTypeRegistry     : Adding type registration java.lang.Float -> org.hibernate.type.FloatType@734ce281
2022-08-30 12:27:12.297 DEBUG 9780 --- [    Test worker] org.hibernate.type.BasicTypeRegistry     : Adding type registration double -> org.hibernate.type.DoubleType@7a358613
2022-08-30 12:27:12.297 DEBUG 9780 --- [    Test worker] org.hibernate.type.BasicTypeRegistry     : Adding type registration double -> org.hibernate.type.DoubleType@7a358613
2022-08-30 12:27:12.297 DEBUG 9780 --- [    Test worker] org.hibernate.type.BasicTypeRegistry     : Adding type registration java.lang.Double -> org.hibernate.type.DoubleType@7a358613
2022-08-30 12:27:12.300 DEBUG 9780 --- [    Test worker] org.hibernate.type.BasicTypeRegistry     : Adding type registration big_decimal -> org.hibernate.type.BigDecimalType@6afbe6a1
2022-08-30 12:27:12.301 DEBUG 9780 --- [    Test worker] org.hibernate.type.BasicTypeRegistry     : Adding type registration java.math.BigDecimal -> org.hibernate.type.BigDecimalType@6afbe6a1
2022-08-30 12:27:12.303 DEBUG 9780 --- [    Test worker] org.hibernate.type.BasicTypeRegistry     : Adding type registration big_integer -> org.hibernate.type.BigIntegerType@3c33fcf8
2022-08-30 12:27:12.304 DEBUG 9780 --- [    Test worker] org.hibernate.type.BasicTypeRegistry     : Adding type registration java.math.BigInteger -> org.hibernate.type.BigIntegerType@3c33fcf8
2022-08-30 12:27:12.306 DEBUG 9780 --- [    Test worker] org.hibernate.type.BasicTypeRegistry     : Adding type registration string -> org.hibernate.type.StringType@3915e7c3
2022-08-30 12:27:12.306 DEBUG 9780 --- [    Test worker] org.hibernate.type.BasicTypeRegistry     : Adding type registration java.lang.String -> org.hibernate.type.StringType@3915e7c3
2022-08-30 12:27:12.307 DEBUG 9780 --- [    Test worker] org.hibernate.type.BasicTypeRegistry     : Adding type registration nstring -> org.hibernate.type.StringNVarcharType@388be5fd
2022-08-30 12:27:12.308 DEBUG 9780 --- [    Test worker] org.hibernate.type.BasicTypeRegistry     : Adding type registration ncharacter -> org.hibernate.type.CharacterNCharType@6f315b08
2022-08-30 12:27:12.310 DEBUG 9780 --- [    Test worker] org.hibernate.type.BasicTypeRegistry     : Adding type registration url -> org.hibernate.type.UrlType@4b4814d0
2022-08-30 12:27:12.310 DEBUG 9780 --- [    Test worker] org.hibernate.type.BasicTypeRegistry     : Adding type registration java.net.URL -> org.hibernate.type.UrlType@4b4814d0
2022-08-30 12:27:12.312 DEBUG 9780 --- [    Test worker] org.hibernate.type.BasicTypeRegistry     : Adding type registration Duration -> org.hibernate.type.DurationType@111a7973
2022-08-30 12:27:12.313 DEBUG 9780 --- [    Test worker] org.hibernate.type.BasicTypeRegistry     : Adding type registration java.time.Duration -> org.hibernate.type.DurationType@111a7973
2022-08-30 12:27:12.315 DEBUG 9780 --- [    Test worker] org.hibernate.type.BasicTypeRegistry     : Adding type registration Instant -> org.hibernate.type.InstantType@15369d73
2022-08-30 12:27:12.315 DEBUG 9780 --- [    Test worker] org.hibernate.type.BasicTypeRegistry     : Adding type registration java.time.Instant -> org.hibernate.type.InstantType@15369d73
2022-08-30 12:27:12.317 DEBUG 9780 --- [    Test worker] org.hibernate.type.BasicTypeRegistry     : Adding type registration LocalDateTime -> org.hibernate.type.LocalDateTimeType@514377fc
2022-08-30 12:27:12.317 DEBUG 9780 --- [    Test worker] org.hibernate.type.BasicTypeRegistry     : Adding type registration java.time.LocalDateTime -> org.hibernate.type.LocalDateTimeType@514377fc
2022-08-30 12:27:12.319 DEBUG 9780 --- [    Test worker] org.hibernate.type.BasicTypeRegistry     : Adding type registration LocalDate -> org.hibernate.type.LocalDateType@159ac15f
2022-08-30 12:27:12.319 DEBUG 9780 --- [    Test worker] org.hibernate.type.BasicTypeRegistry     : Adding type registration java.time.LocalDate -> org.hibernate.type.LocalDateType@159ac15f
2022-08-30 12:27:12.321 DEBUG 9780 --- [    Test worker] org.hibernate.type.BasicTypeRegistry     : Adding type registration LocalTime -> org.hibernate.type.LocalTimeType@17216605
2022-08-30 12:27:12.321 DEBUG 9780 --- [    Test worker] org.hibernate.type.BasicTypeRegistry     : Adding type registration java.time.LocalTime -> org.hibernate.type.LocalTimeType@17216605
2022-08-30 12:27:12.323 DEBUG 9780 --- [    Test worker] org.hibernate.type.BasicTypeRegistry     : Adding type registration OffsetDateTime -> org.hibernate.type.OffsetDateTimeType@37b01ce2
2022-08-30 12:27:12.323 DEBUG 9780 --- [    Test worker] org.hibernate.type.BasicTypeRegistry     : Adding type registration java.time.OffsetDateTime -> org.hibernate.type.OffsetDateTimeType@37b01ce2
2022-08-30 12:27:12.325 DEBUG 9780 --- [    Test worker] org.hibernate.type.BasicTypeRegistry     : Adding type registration OffsetTime -> org.hibernate.type.OffsetTimeType@7159d601
2022-08-30 12:27:12.325 DEBUG 9780 --- [    Test worker] org.hibernate.type.BasicTypeRegistry     : Adding type registration java.time.OffsetTime -> org.hibernate.type.OffsetTimeType@7159d601
2022-08-30 12:27:12.327 DEBUG 9780 --- [    Test worker] org.hibernate.type.BasicTypeRegistry     : Adding type registration ZonedDateTime -> org.hibernate.type.ZonedDateTimeType@4e17442f
2022-08-30 12:27:12.327 DEBUG 9780 --- [    Test worker] org.hibernate.type.BasicTypeRegistry     : Adding type registration java.time.ZonedDateTime -> org.hibernate.type.ZonedDateTimeType@4e17442f
2022-08-30 12:27:12.329 DEBUG 9780 --- [    Test worker] org.hibernate.type.BasicTypeRegistry     : Adding type registration date -> org.hibernate.type.DateType@2674d4f6
2022-08-30 12:27:12.330 DEBUG 9780 --- [    Test worker] org.hibernate.type.BasicTypeRegistry     : Adding type registration java.sql.Date -> org.hibernate.type.DateType@2674d4f6
2022-08-30 12:27:12.332 DEBUG 9780 --- [    Test worker] org.hibernate.type.BasicTypeRegistry     : Adding type registration time -> org.hibernate.type.TimeType@2a04ab05
2022-08-30 12:27:12.332 DEBUG 9780 --- [    Test worker] org.hibernate.type.BasicTypeRegistry     : Adding type registration java.sql.Time -> org.hibernate.type.TimeType@2a04ab05
2022-08-30 12:27:12.334 DEBUG 9780 --- [    Test worker] org.hibernate.type.BasicTypeRegistry     : Adding type registration timestamp -> org.hibernate.type.TimestampType@15a8cebd
2022-08-30 12:27:12.334 DEBUG 9780 --- [    Test worker] org.hibernate.type.BasicTypeRegistry     : Adding type registration java.sql.Timestamp -> org.hibernate.type.TimestampType@15a8cebd
2022-08-30 12:27:12.334 DEBUG 9780 --- [    Test worker] org.hibernate.type.BasicTypeRegistry     : Adding type registration java.util.Date -> org.hibernate.type.TimestampType@15a8cebd
2022-08-30 12:27:12.336 DEBUG 9780 --- [    Test worker] org.hibernate.type.BasicTypeRegistry     : Adding type registration dbtimestamp -> org.hibernate.type.DbTimestampType@74c121d4
2022-08-30 12:27:12.337 DEBUG 9780 --- [    Test worker] org.hibernate.type.BasicTypeRegistry     : Adding type registration calendar -> org.hibernate.type.CalendarType@53d30d23
2022-08-30 12:27:12.338 DEBUG 9780 --- [    Test worker] org.hibernate.type.BasicTypeRegistry     : Adding type registration java.util.Calendar -> org.hibernate.type.CalendarType@53d30d23
2022-08-30 12:27:12.338 DEBUG 9780 --- [    Test worker] org.hibernate.type.BasicTypeRegistry     : Adding type registration java.util.GregorianCalendar -> org.hibernate.type.CalendarType@53d30d23
2022-08-30 12:27:12.339 DEBUG 9780 --- [    Test worker] org.hibernate.type.BasicTypeRegistry     : Adding type registration calendar_date -> org.hibernate.type.CalendarDateType@482ba4b1
2022-08-30 12:27:12.341 DEBUG 9780 --- [    Test worker] org.hibernate.type.BasicTypeRegistry     : Adding type registration calendar_time -> org.hibernate.type.CalendarTimeType@5514579e
2022-08-30 12:27:12.342 DEBUG 9780 --- [    Test worker] org.hibernate.type.BasicTypeRegistry     : Adding type registration locale -> org.hibernate.type.LocaleType@1796b2d4
2022-08-30 12:27:12.342 DEBUG 9780 --- [    Test worker] org.hibernate.type.BasicTypeRegistry     : Adding type registration java.util.Locale -> org.hibernate.type.LocaleType@1796b2d4
2022-08-30 12:27:12.343 DEBUG 9780 --- [    Test worker] org.hibernate.type.BasicTypeRegistry     : Adding type registration currency -> org.hibernate.type.CurrencyType@7de147e9
2022-08-30 12:27:12.344 DEBUG 9780 --- [    Test worker] org.hibernate.type.BasicTypeRegistry     : Adding type registration java.util.Currency -> org.hibernate.type.CurrencyType@7de147e9
2022-08-30 12:27:12.345 DEBUG 9780 --- [    Test worker] org.hibernate.type.BasicTypeRegistry     : Adding type registration timezone -> org.hibernate.type.TimeZoneType@402b4f81
2022-08-30 12:27:12.345 DEBUG 9780 --- [    Test worker] org.hibernate.type.BasicTypeRegistry     : Adding type registration java.util.TimeZone -> org.hibernate.type.TimeZoneType@402b4f81
2022-08-30 12:27:12.346 DEBUG 9780 --- [    Test worker] org.hibernate.type.BasicTypeRegistry     : Adding type registration class -> org.hibernate.type.ClassType@6c07add6
2022-08-30 12:27:12.346 DEBUG 9780 --- [    Test worker] org.hibernate.type.BasicTypeRegistry     : Adding type registration java.lang.Class -> org.hibernate.type.ClassType@6c07add6
2022-08-30 12:27:12.353 DEBUG 9780 --- [    Test worker] org.hibernate.type.BasicTypeRegistry     : Adding type registration uuid-binary -> org.hibernate.type.UUIDBinaryType@687eb455
2022-08-30 12:27:12.354 DEBUG 9780 --- [    Test worker] org.hibernate.type.BasicTypeRegistry     : Adding type registration java.util.UUID -> org.hibernate.type.UUIDBinaryType@687eb455
2022-08-30 12:27:12.355 DEBUG 9780 --- [    Test worker] org.hibernate.type.BasicTypeRegistry     : Adding type registration uuid-char -> org.hibernate.type.UUIDCharType@714e861f
2022-08-30 12:27:12.357 DEBUG 9780 --- [    Test worker] org.hibernate.type.BasicTypeRegistry     : Adding type registration binary -> org.hibernate.type.BinaryType@7282af25
2022-08-30 12:27:12.357 DEBUG 9780 --- [    Test worker] org.hibernate.type.BasicTypeRegistry     : Adding type registration byte[] -> org.hibernate.type.BinaryType@7282af25
2022-08-30 12:27:12.357 DEBUG 9780 --- [    Test worker] org.hibernate.type.BasicTypeRegistry     : Adding type registration [B -> org.hibernate.type.BinaryType@7282af25
2022-08-30 12:27:12.359 DEBUG 9780 --- [    Test worker] org.hibernate.type.BasicTypeRegistry     : Adding type registration wrapper-binary -> org.hibernate.type.WrapperBinaryType@21dea711
2022-08-30 12:27:12.359 DEBUG 9780 --- [    Test worker] org.hibernate.type.BasicTypeRegistry     : Adding type registration Byte[] -> org.hibernate.type.WrapperBinaryType@21dea711
2022-08-30 12:27:12.359 DEBUG 9780 --- [    Test worker] org.hibernate.type.BasicTypeRegistry     : Adding type registration [Ljava.lang.Byte; -> org.hibernate.type.WrapperBinaryType@21dea711
2022-08-30 12:27:12.361 DEBUG 9780 --- [    Test worker] org.hibernate.type.BasicTypeRegistry     : Adding type registration row_version -> org.hibernate.type.RowVersionType@759a678a
2022-08-30 12:27:12.363 DEBUG 9780 --- [    Test worker] org.hibernate.type.BasicTypeRegistry     : Adding type registration image -> org.hibernate.type.ImageType@554566a8
2022-08-30 12:27:12.366 DEBUG 9780 --- [    Test worker] org.hibernate.type.BasicTypeRegistry     : Adding type registration characters -> org.hibernate.type.CharArrayType@2b44605c
2022-08-30 12:27:12.366 DEBUG 9780 --- [    Test worker] org.hibernate.type.BasicTypeRegistry     : Adding type registration char[] -> org.hibernate.type.CharArrayType@2b44605c
2022-08-30 12:27:12.367 DEBUG 9780 --- [    Test worker] org.hibernate.type.BasicTypeRegistry     : Adding type registration [C -> org.hibernate.type.CharArrayType@2b44605c
2022-08-30 12:27:12.369 DEBUG 9780 --- [    Test worker] org.hibernate.type.BasicTypeRegistry     : Adding type registration wrapper-characters -> org.hibernate.type.CharacterArrayType@611c3eae
2022-08-30 12:27:12.370 DEBUG 9780 --- [    Test worker] org.hibernate.type.BasicTypeRegistry     : Adding type registration [Ljava.lang.Character; -> org.hibernate.type.CharacterArrayType@611c3eae
2022-08-30 12:27:12.370 DEBUG 9780 --- [    Test worker] org.hibernate.type.BasicTypeRegistry     : Adding type registration Character[] -> org.hibernate.type.CharacterArrayType@611c3eae
2022-08-30 12:27:12.371 DEBUG 9780 --- [    Test worker] org.hibernate.type.BasicTypeRegistry     : Adding type registration text -> org.hibernate.type.TextType@17176b18
2022-08-30 12:27:12.372 DEBUG 9780 --- [    Test worker] org.hibernate.type.BasicTypeRegistry     : Adding type registration ntext -> org.hibernate.type.NTextType@57b9389f
2022-08-30 12:27:12.378 DEBUG 9780 --- [    Test worker] org.hibernate.type.BasicTypeRegistry     : Adding type registration blob -> org.hibernate.type.BlobType@3f0ce0d1
2022-08-30 12:27:12.383 DEBUG 9780 --- [    Test worker] org.hibernate.type.BasicTypeRegistry     : Adding type registration java.sql.Blob -> org.hibernate.type.BlobType@3f0ce0d1
2022-08-30 12:27:12.386 DEBUG 9780 --- [    Test worker] org.hibernate.type.BasicTypeRegistry     : Adding type registration materialized_blob -> org.hibernate.type.MaterializedBlobType@1aedf08d
2022-08-30 12:27:12.390 DEBUG 9780 --- [    Test worker] org.hibernate.type.BasicTypeRegistry     : Adding type registration clob -> org.hibernate.type.ClobType@3b28b7b0
2022-08-30 12:27:12.390 DEBUG 9780 --- [    Test worker] org.hibernate.type.BasicTypeRegistry     : Adding type registration java.sql.Clob -> org.hibernate.type.ClobType@3b28b7b0
2022-08-30 12:27:12.402 DEBUG 9780 --- [    Test worker] org.hibernate.type.BasicTypeRegistry     : Adding type registration nclob -> org.hibernate.type.NClobType@3d0d120b
2022-08-30 12:27:12.403 DEBUG 9780 --- [    Test worker] org.hibernate.type.BasicTypeRegistry     : Adding type registration java.sql.NClob -> org.hibernate.type.NClobType@3d0d120b
2022-08-30 12:27:12.404 DEBUG 9780 --- [    Test worker] org.hibernate.type.BasicTypeRegistry     : Adding type registration materialized_clob -> org.hibernate.type.MaterializedClobType@60807fd9
2022-08-30 12:27:12.405 DEBUG 9780 --- [    Test worker] org.hibernate.type.BasicTypeRegistry     : Adding type registration materialized_nclob -> org.hibernate.type.MaterializedNClobType@24691c5
2022-08-30 12:27:12.407 DEBUG 9780 --- [    Test worker] org.hibernate.type.BasicTypeRegistry     : Adding type registration serializable -> org.hibernate.type.SerializableType@b56ec6c
2022-08-30 12:27:12.420 DEBUG 9780 --- [    Test worker] org.hibernate.type.BasicTypeRegistry     : Adding type registration object -> org.hibernate.type.ObjectType@197ce367
2022-08-30 12:27:12.420 DEBUG 9780 --- [    Test worker] org.hibernate.type.BasicTypeRegistry     : Adding type registration java.lang.Object -> org.hibernate.type.ObjectType@197ce367
2022-08-30 12:27:12.422 DEBUG 9780 --- [    Test worker] org.hibernate.type.BasicTypeRegistry     : Adding type registration imm_date -> org.hibernate.type.AdaptedImmutableType@36551e97
2022-08-30 12:27:12.422 DEBUG 9780 --- [    Test worker] org.hibernate.type.BasicTypeRegistry     : Adding type registration imm_time -> org.hibernate.type.AdaptedImmutableType@685d7ba5
2022-08-30 12:27:12.422 DEBUG 9780 --- [    Test worker] org.hibernate.type.BasicTypeRegistry     : Adding type registration imm_timestamp -> org.hibernate.type.AdaptedImmutableType@16d41725
2022-08-30 12:27:12.422 DEBUG 9780 --- [    Test worker] org.hibernate.type.BasicTypeRegistry     : Adding type registration imm_dbtimestamp -> org.hibernate.type.AdaptedImmutableType@3b6c2be6
2022-08-30 12:27:12.422 DEBUG 9780 --- [    Test worker] org.hibernate.type.BasicTypeRegistry     : Adding type registration imm_calendar -> org.hibernate.type.AdaptedImmutableType@25533bba
2022-08-30 12:27:12.422 DEBUG 9780 --- [    Test worker] org.hibernate.type.BasicTypeRegistry     : Adding type registration imm_calendar_date -> org.hibernate.type.AdaptedImmutableType@26d0ece6
2022-08-30 12:27:12.422 DEBUG 9780 --- [    Test worker] org.hibernate.type.BasicTypeRegistry     : Adding type registration imm_binary -> org.hibernate.type.AdaptedImmutableType@100bba26
2022-08-30 12:27:12.422 DEBUG 9780 --- [    Test worker] org.hibernate.type.BasicTypeRegistry     : Adding type registration imm_serializable -> org.hibernate.type.AdaptedImmutableType@4ae280da
2022-08-30 12:27:12.498  INFO 9780 --- [    Test worker] com.zaxxer.hikari.HikariDataSource       : HikariPool-1 - Starting...
2022-08-30 12:27:13.858  INFO 9780 --- [    Test worker] com.zaxxer.hikari.HikariDataSource       : HikariPool-1 - Start completed.
2022-08-30 12:27:13.886  INFO 9780 --- [    Test worker] org.hibernate.dialect.Dialect            : HHH000400: Using dialect: org.hibernate.dialect.Oracle12cDialect
2022-08-30 12:27:14.209 DEBUG 9780 --- [    Test worker] org.hibernate.type.BasicTypeRegistry     : Adding type registration byte[] -> org.hibernate.type.MaterializedBlobType@1aedf08d
2022-08-30 12:27:14.210 DEBUG 9780 --- [    Test worker] org.hibernate.type.BasicTypeRegistry     : HHH000270: Type registration [byte[]] overrides previous : org.hibernate.type.BinaryType@7282af25
2022-08-30 12:27:14.210 DEBUG 9780 --- [    Test worker] org.hibernate.type.BasicTypeRegistry     : Adding type registration [B -> org.hibernate.type.MaterializedBlobType@1aedf08d
2022-08-30 12:27:14.210 DEBUG 9780 --- [    Test worker] org.hibernate.type.BasicTypeRegistry     : HHH000270: Type registration [[B] overrides previous : org.hibernate.type.BinaryType@7282af25
2022-08-30 12:27:14.211 DEBUG 9780 --- [    Test worker] org.hibernate.type.BasicTypeRegistry     : Adding type registration Byte[] -> org.hibernate.type.WrappedMaterializedBlobType@2a661215
2022-08-30 12:27:14.211 DEBUG 9780 --- [    Test worker] org.hibernate.type.BasicTypeRegistry     : HHH000270: Type registration [Byte[]] overrides previous : org.hibernate.type.WrapperBinaryType@21dea711
2022-08-30 12:27:14.211 DEBUG 9780 --- [    Test worker] org.hibernate.type.BasicTypeRegistry     : Adding type registration [Ljava.lang.Byte; -> org.hibernate.type.WrappedMaterializedBlobType@2a661215
2022-08-30 12:27:14.211 DEBUG 9780 --- [    Test worker] org.hibernate.type.BasicTypeRegistry     : HHH000270: Type registration [[Ljava.lang.Byte;] overrides previous : org.hibernate.type.WrapperBinaryType@21dea711
2022-08-30 12:27:14.216 DEBUG 9780 --- [    Test worker] o.h.type.spi.TypeConfiguration$Scope     : Scoping TypeConfiguration [org.hibernate.type.spi.TypeConfiguration@7b4619a3] to MetadataBuildingContext [org.hibernate.boot.internal.MetadataBuildingContextRootImpl@9d3a7a1]
2022-08-30 12:27:14.924 DEBUG 9780 --- [    Test worker] o.h.type.spi.TypeConfiguration$Scope     : Scoping TypeConfiguration [org.hibernate.type.spi.TypeConfiguration@7b4619a3] to SessionFactoryImpl [org.hibernate.internal.SessionFactoryImpl@434d001d]
Hibernate: 
    
    drop table board cascade constraints
Hibernate: 
    
    drop table comments cascade constraints
Hibernate: 
    
    drop table custom_dto_example cascade constraints
Hibernate: 
    
    drop table custom_dto_sort_pages cascade constraints
Hibernate: 
    
    drop table member cascade constraints
Hibernate: 
    
    drop table scraping_entity cascade constraints
Hibernate: 
    
    create table board (
       seq number(19,0) generated as identity,
        create_date date,
        update_date date,
        cnt number(19,0) default 0,
        content varchar2(255 char) default 'no content' not null,
        title varchar2(40 char) not null,
        writer varchar2(40 char) not null,
        id varchar2(40 char),
        primary key (seq)
    )
Hibernate: 
    
    create table comments (
       seq number(19,0) generated as identity,
        create_date date,
        update_date date,
        comments_content varchar2(255 char),
        board_title varchar2(40 char),
        primary key (seq)
    )
Hibernate: 
    
    create table custom_dto_example (
       input_id varchar2(255 char) not null,
        input_title varchar2(255 char),
        input_writer varchar2(255 char),
        primary key (input_id)
    )
Hibernate: 
    
    create table custom_dto_sort_pages (
       seq number(19,0) not null,
        nextid varchar2(255 char),
        next_subject varchar2(255 char),
        previd varchar2(255 char),
        prev_subject varchar2(255 char),
        primary key (seq)
    )
Hibernate: 
    
    create table member (
       seq number(19,0) generated as identity,
        create_date date,
        update_date date,
        email varchar2(255 char),
        id varchar2(40 char) not null,
        password varchar2(255 char),
        primary key (seq)
    )
Hibernate: 
    
    create table scraping_entity (
       seq number(19,0) generated as identity,
        city varchar2(255 char),
        covid19_confirmed varchar2(255 char),
        increase_num varchar2(255 char),
        primary key (seq)
    )
Hibernate: 
    
    alter table board 
       add constraint UK_mph7qe4yv41dlsoap3i3nojto unique (title)
Hibernate: 
    
    alter table member 
       add constraint UK_jp8ds32yg1soswx2rkiagm768 unique (id)
Hibernate: 
    
    alter table board 
       add constraint FKgnbbmgg8w8usef2x3po2j9ue8 
       foreign key (id) 
       references member (id)
Hibernate: 
    
    alter table comments 
       add constraint FKq2t3u0478c3hkeghj5e7rik22 
       foreign key (board_title) 
       references board (title)
2022-08-30 12:27:16.431  INFO 9780 --- [    Test worker] o.h.e.t.j.p.i.JtaPlatformInitiator       : HHH000490: Using JtaPlatform implementation: [org.hibernate.engine.transaction.jta.platform.internal.NoJtaPlatform]
2022-08-30 12:27:16.440 TRACE 9780 --- [    Test worker] o.h.type.spi.TypeConfiguration$Scope     : Handling #sessionFactoryCreated from [org.hibernate.internal.SessionFactoryImpl@434d001d] for TypeConfiguration
2022-08-30 12:27:16.442  INFO 9780 --- [    Test worker] j.LocalContainerEntityManagerFactoryBean : Initialized JPA EntityManagerFactory for persistence unit 'default'
2022-08-30 12:27:20.505  WARN 9780 --- [    Test worker] JpaBaseConfiguration$JpaWebConfiguration : spring.jpa.open-in-view is enabled by default. Therefore, database queries may be performed during view rendering. Explicitly configure spring.jpa.open-in-view to disable this warning
2022-08-30 12:27:21.517  INFO 9780 --- [    Test worker] o.s.b.a.w.s.WelcomePageHandlerMapping    : Adding welcome page template: index
2022-08-30 12:27:22.575  INFO 9780 --- [    Test worker] ectureSpring2CrudProjectApplicationTests : Started LectureSpring2CrudProjectApplicationTests in 13.954 seconds (JVM running for 16.178)
2022-08-30 12:27:27.283  INFO 9780 --- [ null to remote] o.o.selenium.remote.ProtocolHandshake    : Detected dialect: W3C
2022-08-30 12:27:27.441  WARN 9780 --- [    Test worker] o.o.selenium.devtools.CdpVersionFinder   : Unable to find an exact match for CDP version 104, so returning the closest version found: 101
2022-08-30 12:27:27.441  INFO 9780 --- [    Test worker] o.o.selenium.devtools.CdpVersionFinder   : Found CDP implementation for version 104 of 101
<html lang="ko"><head>
<title>시도별 발생동향 &lt; 발생동향 &lt; 코로나바이러스감염증-19</title>




<meta charset="utf-8">
<meta http-equiv="X-UA-Compatible" content="IE=edge">
<meta name="viewport" content="width=device-width, initial-scale=1, user-scalable=yes">
<meta name="author" content="보건복지부, 코로나바이러스감염증-19, 질병관리청">
<meta name="keywords" content="코로나바이러스감염증-19, 코로나바이러스감염증-19, 코로나바이러스, 코로나, 질병관리청, 보건복지부">
<meta name="copyright" content="질병관리청, 보건복지부">
<meta property="og:url" content="http://ncov.mohw.go.kr/">
<meta property="og:type" content="website">
<meta property="og:site_name" content="코로나바이러스감염증-19">
<meta property="og:locale" content="ko">
<meta property="og:title" content="코로나바이러스감염증-19">
<meta property="og:image" content="/static/image/header/homeimg_new.jpg">
    
<link rel="icon" type="image/png" sizes="64x64" href="/static/image/header/ROK.png;jsessionid=vofW1gyZbpOpXFBuEwFK7mip3ya4pEAwr0tFlkR59WNYvZCVbjxBOt4UxMeSSdDE.mohwwas2_servlet_engine40">
<link rel="stylesheet" href="/static/css/co_common.css;jsessionid=vofW1gyZbpOpXFBuEwFK7mip3ya4pEAwr0tFlkR59WNYvZCVbjxBOt4UxMeSSdDE.mohwwas2_servlet_engine40?ver=20220801">
<link rel="stylesheet" href="/static/css/co_component.css;jsessionid=vofW1gyZbpOpXFBuEwFK7mip3ya4pEAwr0tFlkR59WNYvZCVbjxBOt4UxMeSSdDE.mohwwas2_servlet_engine40?ver=20211101">
<link rel="stylesheet" href="/static/css/lightslider.min.css;jsessionid=vofW1gyZbpOpXFBuEwFK7mip3ya4pEAwr0tFlkR59WNYvZCVbjxBOt4UxMeSSdDE.mohwwas2_servlet_engine40">

<script type="text/javascript" async="" src="https://www.google-analytics.com/analytics.js"></script><script src="/static/js/jquery-1.11.2.min.js;jsessionid=vofW1gyZbpOpXFBuEwFK7mip3ya4pEAwr0tFlkR59WNYvZCVbjxBOt4UxMeSSdDE.mohwwas2_servlet_engine40"></script>
<script src="/static/js/lightslider.min.js;jsessionid=vofW1gyZbpOpXFBuEwFK7mip3ya4pEAwr0tFlkR59WNYvZCVbjxBOt4UxMeSSdDE.mohwwas2_servlet_engine40"></script>
<script src="/static/js/co_common.js;jsessionid=vofW1gyZbpOpXFBuEwFK7mip3ya4pEAwr0tFlkR59WNYvZCVbjxBOt4UxMeSSdDE.mohwwas2_servlet_engine40?ver=20211223"></script>

<script type="text/javaScript" language="javascript">

function fn_goMenu(url, brd_id, brd_gubun, data_Gubun){
    
    $("#brdId").val(brd_id);
    $("#brdGubun").val(brd_gubun);
    $("#dataGubun").val(data_Gubun);

    var frm = $("#menuFrm");
    frm.attr("action", url);
    frm.submit();
}

function fn_boardView(url, brdId, brdGubun, ncvContSeq, board_id, dataGubun){
    $("#brdId").val(brdId);
    $("#brdGubun").val(brdGubun);
    $("#ncvContSeq").val(ncvContSeq);
    $("#contSeq").val(ncvContSeq);
    $("#board_id").val(board_id);
    $("#dataGubun").val(dataGubun);

    var frm = $("#menuFrm");
    frm.attr("action", url);
    frm.submit();
}

function fn_tcm_boardView(url, brdId, brdGubun, ncvContSeq, board_id, gubun){
    
    $("#brdId").val(brdId);
    $("#brdGubun").val(brdGubun);
    $("#ncvContSeq").val(ncvContSeq);
    $("#contSeq").val(ncvContSeq);
    $("#board_id").val(board_id);
    $("#gubun").val(gubun);
    
    var frm = $("#menuFrm");
    frm.attr("action", url);
    frm.submit();
    
}

function search( where ){
    var thisForm = $("#"+ where);
    var thisSearch = $(thisForm).find(".searchTerm");
    var cont = "";
    $(thisSearch).each(function() {
        cont += $(this).val();
    });
    
    //특수문자 체크
    if (containsChars(cont,"~!@#$%^&*()+|`=\\[]{};:'\".<>/?")) {
        alert("특수문자는 제외하고 검색해주시기 바랍니다.");
        $(thisSearch).val("");
        event.preventDefault();
        return false;
    }else if ( cont == "" || cont == null || cont == undefined){
        alert("검색어를 입력하세요");
        $(thisSearch).focus();
        event.preventDefault();
        return false;
    }
    
    return true;        
}
</script>

    <link rel="stylesheet" href="/static/css/chart_kr.css?ver=20211101">
    <script src="/static/js/Chart.min.js"></script>
    <script src="/static/js/chartjs-plugin-datalabels.min.js"></script>
    <script src="/static/js/chart_kr.js?ver=20211101"></script>
<script src="//rum.beusable.net/script/b210810e114904u843/2f7b84ef24" async="" type="text/javascript"></script><style type="text/css">/* Chart.js */
@keyframes chartjs-render-animation{from{opacity:.99}to{opacity:1}}.chartjs-render-monitor{animation:chartjs-render-animation 1ms}.chartjs-size-monitor,.chartjs-size-monitor-expand,.chartjs-size-monitor-shrink{position:absolute;direction:ltr;left:0;top:0;right:0;bottom:0;overflow:hidden;pointer-events:none;visibility:hidden;z-index:-1}.chartjs-size-monitor-expand>div{position:absolute;width:1000000px;height:1000000px;left:0;top:0}.chartjs-size-monitor-shrink>div{position:absolute;width:200%;height:200%;left:0;top:0}</style><script src="//rum.beusable.net/script/checker/b210810e114904u843/2f7b84ef24?url=http%3A%2F%2Fncov.mohw.go.kr%2FbdBoardList_Real.do%3FbrdId%3D1%26brdGubun%3D13" async="" type="text/javascript"></script></head>

<body>

<form name="menuFrm" id="menuFrm" method="get">
    <input name="brdId" id="brdId" type="hidden">
    <input name="brdGubun" id="brdGubun" type="hidden">
    <input name="dataGubun" id="dataGubun" type="hidden">
    <input name="ncvContSeq" id="ncvContSeq" type="hidden">
    <input name="contSeq" id="contSeq" type="hidden">
    <input name="board_id" id="board_id" type="hidden">
    <input name="gubun" id="gubun" type="hidden">
</form>


<ul class="top_skipmenu">
    <li><a href="#content">본문 바로가기</a></li>
    <li><a href="#gnb">메뉴 바로가기</a></li>
</ul>
<div class="wrap nj">

        <div class="w_catch">
            <div class="wc_p t_dp_n m_dp_n"><span class="hdn">너비 1180px 이상</span></div>
            <div class="wc_t p_dp_n m_dp_n"><span class="hdn">너비 768px - 1179px</span></div>
            <div class="wc_m p_dp_n t_dp_n"><span class="hdn">너비 767px 이하</span></div>
        </div>

        <div class="navigation t_dp_n m_dp_n">
	        <div>
	            <div class="n_left">
	                <h1 class="corona_h1"><a href="/">코로나바이러스감염증-19</a></h1>
	                <div class="public"><a href="https://ncv.kdca.go.kr/ncov/" target="_blank" title="새창">국민용 누리집<i class="ico_window"><span class="hdn">새창</span></i></a></div>
	                <div class="health"><a href="https://ncv.kdca.go.kr/hcp/" target="_blank" title="새창">보건의료인용 누리집<i class="ico_window"><span class="hdn">새창</span></i></a></div>
	                <div class="test"><a href="http://ncov.mohw.go.kr/static/pncov_5.html" target="_blank" title="새창">코로나19 검사, 진료 안내<i class="ico_window"><span class="hdn">새창</span></i></a></div>
	                <div class="vaccin"><a href="https://ncv.kdca.go.kr/" target="_blank" title="새창">코로나19 예방접종<i class="ico_window"><span class="hdn">새창</span></i></a></div>
	            </div>
	            <div class="n_right">
	                <!-- <ul class="shim">
	                    <li><a href="https://ncv.kdca.go.kr/" target="_blank" title="새창">코로나19 예방접종</a></li>
	                    <li><a href="http://www.mohw.go.kr/" target="_blank" title="새창">중앙사고수습본부</a></li>
	                    <li><a href="http://www.kdca.go.kr/" target="_blank" title="새창">중앙방역대책본부</a></li>
	                </ul> -->
	                <ul class="sns">
	                    <li class="facebook"><a href="http://www.facebook.com/koreadca" target="_blank" title="질병관리청 페이스북으로 새창">페이스북<i class="ico_window"><span class="hdn">새창</span></i></a></li>
	                    <li class="youtube"><a href="https://youtube.com/channel/UCa7-3Zvxg-5Rfxgu3RQY_gw" target="_blank" title="질병관리청 유튜브 새창">유튜브<i class="ico_window"><span class="hdn">새창</span></i></a></li>
	                    <li class="post"><a href="https://post.naver.com/my.nhn?memberNo=20182790" target="_blank" title="질병관리청 포스트 새창">포스트<i class="ico_window"><span class="hdn">새창</span></i></a></li>
	                    <li class="twitter"><a href="http://twitter.com/koreadca" target="_blank" title="질병관리청 트위터 새창">트위터<i class="ico_window"><span class="hdn">새창</span></i></a></li>
	                </ul>
	                <ul class="country">
	                    <li><a href="/en/" target="_blank" title="새창">English<i class="ico_window"><span class="hdn">새창</span></i></a></li>
	                    <li><a href="/cn/" target="_blank" title="새창">中文<i class="ico_window"><span class="hdn">새창</span></i></a></li>
	                </ul>
	            </div>
	        </div>
	    </div>

        <div id="header" class="header">
            <div>
                <div class="h_left">
	                <h1 class="logo"><a href="/">코로나바이러스감염증-19</a></h1>
	                <div class="public"><a href="https://ncv.kdca.go.kr/ncov/" target="_blank" title="새창">국민용 누리집<i class="ico_window"><span class="hdn">새창</span></i></a></div>
	                <div class="health"><a href="https://ncv.kdca.go.kr/hcp/" target="_blank" title="새창">보건의료인용 누리집<i class="ico_window"><span class="hdn">새창</span></i></a></div>
	                <div class="test"><a href="http://ncov.mohw.go.kr/static/pncov_5.html" target="_blank" title="새창">코로나19 검사, 진료안내<i class="ico_window"><span class="hdn">새창</span></i></a></div>
	                <div class="vaccin"><a href="http://ncv.kdca.go.kr/" target="_blank" title="새창">코로나19 예방접종<i class="ico_window"><span class="hdn">새창</span></i></a></div>
	                <div class="t_top_other">
	                    <ul class="t_sns">
	                        <li class="facebook"><a href="http://www.facebook.com/koreadca" target="_blank" title="질병관리청 페이스북으로 새창">페이스북<i class="ico_window"><span class="hdn">새창</span></i></a></li>
	                        <li class="youtube"><a href="https://youtube.com/channel/UCa7-3Zvxg-5Rfxgu3RQY_gw" target="_blank" title="질병관리청 유튜브 새창">유튜브<i class="ico_window"><span class="hdn">새창</span></i></a></li>
	                        <li class="post"><a href="https://post.naver.com/my.nhn?memberNo=20182790" target="_blank" title="질병관리청 포스트 새창">포스트<i class="ico_window"><span class="hdn">새창</span></i></a></li>
	                        <li class="twitter"><a href="http://twitter.com/koreadca" target="_blank" title="질병관리청 트위터 새창">트위터<i class="ico_window"><span class="hdn">새창</span></i></a></li>
	                    </ul>
	                    <!-- <ul class="t_camp">
	                        <li><a href="http://ncv.kdca.go.kr/" target="_blank" title="새창">코로나19 예방접종</a></li>
	                        <li><a href="http://www.mohw.go.kr/" target="_blank" title="새창">중앙사고수습본부</a></li>
	                        <li><a href="http://www.kdca.go.kr/" target="_blank" title="새창">중앙방역대책본부</a></li>
	                    </ul> -->
	                    <ul class="t_country">
	                        <li><a href="/en/" target="_blank" title="새창">English<i class="ico_window"><span class="hdn">새창</span></i></a></li>
	                        <li><a href="/cn/" target="_blank" title="새창">中文<i class="ico_window"><span class="hdn">새창</span></i></a></li>
	                    </ul>
	                </div>
	            </div>
                <div class="h_right">
                    <div id="gnb" class="gnb subfix t_dp_n m_dp_n">
                        <ul>
                            <li class="on"><a href="/bdBoardList.do?brdId=1&amp;brdGubun=11">발생동향</a>
                                <div class="g_fixsub"><div>
                                    <ul>
                                        <li><a href="/bdBoardList.do?brdId=1&amp;brdGubun=11">국내 발생 현황</a></li>
                                        <li><a href="/bdBoardList.do?brdId=1&amp;brdGubun=14">국외 발생 현황</a></li>
                                        <li class="on"><a href="/bdBoardList.do?brdId=1&amp;brdGubun=13">시도별 발생동향</a></li>
                                        <li><a href="/bdBoardList.do?brdId=1&amp;brdGubun=12">확진환자 이동경로</a></li>
                                        <li><a href="/baroView2.do?brdId=1&amp;brdGubun=15">대한민국 방역체계</a></li>
                                    </ul>
                                </div></div>                             
                            </li>
                            <li><a href="/tcmBoardList.do?brdId=3&amp;brdGubun=">뉴스 &amp; 이슈</a>
                                <div class="g_fixsub"><div>
                                    <ul>
                                        <li><a href="/tcmBoardList.do?brdId=3&amp;brdGubun=">보도자료</a></li>
                                        <li><a href="/factBoardList.do?brdId=3&amp;brdGubun=33">코로나19 팩트 &amp; 이슈체크</a></li>
                                        <li><a href="/lastBannerList.do?brdId=3&amp;brdGubun=39">일별 브리핑 이슈 모아보기</a></li>
                                                                                
                                    </ul>
                                </div></div>
                            </li>
                            <li><a href="/infoBoardList.do?brdId=3&amp;brdGubun=32">홍보자료 &amp; FAQ</a>
                                <div class="g_fixsub"><div>
                                    <ul>
                                        <li><a href="/infoBoardList.do?brdId=3&amp;brdGubun=32">홍보자료</a></li>
                                        <li><a href="/faqBoardList.do?brdId=3&amp;brdGubun=38">FAQ</a></li>
                                    </ul>
                                </div></div>
                            </li>
                            <li><a href="http://ncv.kdca.go.kr/menu.es?mid=a30400000000" target="_blank" title="새창열림" data-title="코로나바이러스감염증-19(covid-19) 일반인용(새창열림)">확진시 조치안내<i class="ico_window"><span class="hdn">새창</span></i></a>
                            	<div class="g_fixsub"><div>
                                    <ul>
                                        <li></li>
                                    </ul>
                                </div></div>                            
                            </li>
                            <li><a href="/duBoardList.do?brdId=2&amp;brdGubun=21">공지사항</a>
                                <div class="g_fixsub"><div>
                                    <ul>
                                        <li><a href="/duBoardList.do?brdId=2&amp;brdGubun=21">일반인</a></li>
                                        <li><a href="/duBoardList.do?brdId=2&amp;brdGubun=23">입국자 및 해외여행객</a></li>
                                        <li><a href="/duBoardList.do?brdId=2&amp;brdGubun=22">자가격리자</a></li>
                                        <li><a href="/duBoardList.do?brdId=2&amp;brdGubun=24">의료기관</a></li>
                                        <li><a href="/duBoardList.do?brdId=2&amp;brdGubun=25">집단 및 다중이용시설</a></li>
                                        <li><a href="/duBoardList.do?brdId=2&amp;brdGubun=28">지자체</a></li>
                                        <li><a href="/duBoardList.do?brdId=2&amp;brdGubun=26">기업 및 시장</a></li>
                                    </ul>
                                </div></div>
                            </li>
                            <li><a href="/maskDutyBoardList.do?brdId=7&amp;brdGubun=71">마스크 착용</a>
                                <div class="g_fixsub">
                                    <div>
                                        <ul>
                                            <li><a href="/maskDutyBoardList.do?brdId=7&amp;brdGubun=71">지침·제도</a></li>
                                            <li><a href="/maskDutyBoardList.do?brdId=7&amp;brdGubun=72">FAQ</a></li>
                                            <li><a href="/maskDutyBoardList.do?brdId=7&amp;brdGubun=73">홍보자료</a></li>
                                            <li><a href="/maskDutyBoardList.do?brdId=7&amp;brdGubun=74">시도별 현황</a></li>
                                        </ul>
                                    </div>
                                </div>
                            </li>                            
                            <li><a href="/extendedCareBoardList.jsp?brdId=8&amp;brdGubun=81">코로나19검사&amp;재택치료&amp;치료제</a>
                            	<div class="g_fixsub"><div>
                                    <ul>
                                        <li></li>
                                    </ul>
                                </div></div>
                            </li>
                        </ul>
                    </div>

                    <div class="p_search_btn">
                        <button class="p_open"><span class="hdn">검색영역 열림</span></button>
                        <button class="p_close"><span class="hdn">검색영역 닫힘</span></button>
                    </div>

                    
                    <div class="p_search">
                        <form id="searchForm1" name="searchForm" action="/search/search.jsp" method="post">
                            <input type="hidden" name="pageNum" value="1">                 <!-- 현재페이지 -->
                            <input type="hidden" name="searchTab" value="TOTAL">             <!-- 검색탭 -->
                            <input type="hidden" name="order" value="weight">                         <!-- 정렬 -->
                            <input type="hidden" name="sDate" value="">                         <!-- 시작일자 -->
                            <input type="hidden" name="eDate" value="">                         <!-- 시작일자 -->
                            <input type="hidden" name="searchRange" value="total">     <!-- 검색범위 -->
                            <input type="hidden" name="dateRange" value="all">             <!-- 등록범위 -->
                            <div class="n_search">
                                <label for="searchTermPc123" class="hdn">검색어</label>
                                <input type="text" name="searchTerm" id="searchTermPc123" class="searchTerm" value="" placeholder="검색어를 입력하세요.">
                                <input type="submit" class="btn_search" onclick="search( 'searchForm1' );" title="검색">
                            </div>
                        </form> 
                    </div>
                    
                    
                    <a href="" class="btn_global_search"><span class="hdn">통합검색</span><i></i></a>
                    <div class="global_search">
                        <form id="searchForm2" name="searchForm" action="/search/search.jsp" method="post">
                            <input type="hidden" name="pageNum" value="1">                 <!-- 현재페이지 -->
                            <input type="hidden" name="searchTab" value="TOTAL">             <!-- 검색탭 -->
                            <input type="hidden" name="order" value="weight">                         <!-- 정렬 -->
                            <input type="hidden" name="sDate" value="">                         <!-- 시작일자 -->
                            <input type="hidden" name="eDate" value="">                         <!-- 시작일자 -->
                            <input type="hidden" name="searchRange" value="total">     <!-- 검색범위 -->
                            <input type="hidden" name="dateRange" value="all">             <!-- 등록범위 -->
                            <div class="n_search">
                                <label for="searchTermMobile123" class="hdn">검색어</label>
                                <input type="text" name="searchTerm" id="searchTermMobile123" class="searchTerm" value="" placeholder="검색어를 입력하세요.">
                                <input type="submit" class="btn_search" onclick="search( 'searchForm2' );" title="검색">
                            </div>
                        </form> 
                        <a href="" class="btn_close"><span class="hdn">통합검색닫기</span></a>
                    </div>
                    
                    <a href="" class="btn_global_menu"><span class="hdn">전체메뉴</span><i></i></a> 
                </div>
            </div>
        </div>

        <div class="global_menu">
            <div>
                <div class="gm_title">
                    <div class="gmt_p">
                        <span>전체메뉴</span>
                    </div>
                    <div class="gmt_tm">
                        <div class="gmtt_b">
                            <div class="gmt_site">
                                <ul>
                                    <li><a href="/">홈</a></li>
                                </ul>
                            </div>
                        </div>
                    </div>              
                </div>
                <div class="gm_content">
                    <div>
                        <ul>
                            <li class="open"><a class="gmc_title">발생동향</a>
                                <div class="gmc_list">
                                    <ul>
                                        <li><a href="/bdBoardList.do?brdId=1&amp;brdGubun=11">국내 발생 현황</a></li>
                                        <li><a href="/bdBoardList.do?brdId=1&amp;brdGubun=14">국외 발생 현황</a></li>
                                        <li class="on"><a href="/bdBoardList.do?brdId=1&amp;brdGubun=13">시도별 발생동향</a></li>
                                        <li><a href="/bdBoardList.do?brdId=1&amp;brdGubun=12">확진환자 이동경로</a></li>
                                        <li><a href="/baroView2.do?brdId=1&amp;brdGubun=15">대한민국 방역체계</a></li>
                                    </ul>                               
                                </div>                            
                            </li>                            
                            <li><a class="gmc_title">뉴스 &amp; 이슈</a>
                                <div class="gmc_list">
                                    <ul>
                                        <li><a href="/tcmBoardList.do?brdId=3&amp;brdGubun=">보도자료</a></li>
                                        <li><a href="/factBoardList.do?brdId=3&amp;brdGubun=33">코로나19 팩트 &amp; 이슈체크</a></li>
                                        <li><a href="/lastBannerList.do?brdId=3&amp;brdGubun=39">일별 브리핑 이슈 모아보기</a></li>
                                    </ul>
                                </div>
                            </li>
                            <li><a class="gmc_title">홍보자료 &amp; FAQ</a>
                                <div class="gmc_list">
                                    <ul>
                                        <li><a href="/infoBoardList.do?brdId=3&amp;brdGubun=32">홍보자료</a></li>                                        
                                        <li><a href="/faqBoardList.do?brdId=3&amp;brdGubun=38">FAQ</a></li>                                        
                                    </ul>
                                </div>
                            </li>                                                                 
                            <li><a href="" class="gmc_title">확진시 조치안내</a>
                                <div class="gmc_list">
                                    <ul>
                                        <li><a href="http://ncv.kdca.go.kr/menu.es?mid=a30400000000" target="_blank" title="새창열림" data-title="코로나바이러스감염증-19(covid-19) 일반인용(새창열림)">확진시 조치안내<i class="ico_window"><span class="hdn">새창</span></i></a></li>
                                    </ul>
                                </div>
                            </li>
                            <li><a href="" class="gmc_title">공지사항</a>
                                <div class="gmc_list">
                                    <ul>
                                        <li><a href="/duBoardList.do?brdId=2&amp;brdGubun=21">일반인</a></li>
                                        <li><a href="/duBoardList.do?brdId=2&amp;brdGubun=23">입국자 및 해외여행객</a></li>
                                        <li><a href="/duBoardList.do?brdId=2&amp;brdGubun=22">자가격리자</a></li>
                                        <li><a href="/duBoardList.do?brdId=2&amp;brdGubun=24">의료기관</a></li>
                                        <li><a href="/duBoardList.do?brdId=2&amp;brdGubun=25">집단 및 다중이용시설</a></li>
                                        <li><a href="/duBoardList.do?brdId=2&amp;brdGubun=28">지자체</a></li>
                                        <li><a href="/duBoardList.do?brdId=2&amp;brdGubun=26">기업 및 시장</a></li>
                                    </ul>
                                </div>
                            </li>
                            <li><a href="" class="gmc_title">마스크 착용</a>
                                <div class="gmc_list">
                                    <ul>
                                        <li><a href="/maskDutyBoardList.do?brdId=7&amp;brdGubun=71">지침·제도</a></li>
                                        <li><a href="/maskDutyBoardList.do?brdId=7&amp;brdGubun=72">FAQ</a></li>
                                        <li><a href="/maskDutyBoardList.do?brdId=7&amp;brdGubun=73">홍보자료</a></li>
                                        <li><a href="/maskDutyBoardList.do?brdId=7&amp;brdGubun=74">시도별 현황</a></li>
                                    </ul>
                                </div>
                            </li>
                            <li><a href="" class="gmc_title">코로나19검사&amp;재택치료&amp;치료제</a>
                                <div class="gmc_list">
                                    <ul>
                                        <li><a href="/extendedCareBoardList.jsp?brdId=8&amp;brdGubun=81">코로나19검사&amp;재택치료&amp;치료제</a></li>
                                    </ul>
                                </div>
                            </li>
                        </ul>
                    </div>
                </div>
                <a href="" class="btn_close"><span class="hdn">전체메뉴닫기</span></a>
            </div>
        </div>
        
        <div class="subm_fix">
            <div class="cnt4-3-2 open">
                <ul>
                    <li><a href="/bdBoardList.do?brdId=1&amp;brdGubun=11"><span>국내 발생 현황</span></a></li>
                    <li><a href="/bdBoardList.do?brdId=1&amp;brdGubun=14"><span>국외 발생 현황</span></a></li>
                    <li class="on"><a href="/bdBoardList.do?brdId=1&amp;brdGubun=13"><span>시도별 발생동향</span></a></li>
                    <li><a href="/bdBoardList.do?brdId=1&amp;brdGubun=12"><span>확진환자 이동경로</span></a></li>
                    <li><a href="/baroView2.do?brdId=1&amp;brdGubun=15">대한민국 방역체계</a></li>
                </ul>
            </div>
            <div class="cnt4-2-1 ">
                <ul>
                    <li><a href="/tcmBoardList.do?brdId=3&amp;brdGubun="><span>보도자료</span></a></li>
                    <li><a href="/factBoardList.do?brdId=3&amp;brdGubun=33"><span>코로나19 팩트 &amp; 이슈체크</span></a></li>
                    <li><a href="/lastBannerList.do?brdId=3&amp;brdGubun=39"><span>일별 브리핑 이슈 모아보기</span></a></li>
                </ul>
            </div>
            <div class="cnt2-2-2 ">
                <ul>
                    <li><a href="/infoBoardList.do?brdId=3&amp;brdGubun=32"><span>홍보자료</span></a></li>                                        
                    <li><a href="/faqBoardList.do?brdId=3&amp;brdGubun=38"><span>FAQ</span></a></li> 
                </ul>
            </div>
            <div class="cnt3-3-2 ">
                <ul>
                    <li><a href="/duBoardList.do?brdId=2&amp;brdGubun=21"><span>일반인</span></a></li>
                    <li><a href="/duBoardList.do?brdId=2&amp;brdGubun=23"><span>입국자 및 해외여행객</span></a></li>
                    <li><a href="/duBoardList.do?brdId=2&amp;brdGubun=22"><span>자가격리자</span></a></li>
                    <li><a href="/duBoardList.do?brdId=2&amp;brdGubun=24"><span>의료기관</span></a></li>
                    <li><a href="/duBoardList.do?brdId=2&amp;brdGubun=25"><span>집단 및 다중이용시설</span></a></li>
                    <li><a href="/duBoardList.do?brdId=2&amp;brdGubun=28"><span>지자체</span></a></li>
                    <li><a href="/duBoardList.do?brdId=2&amp;brdGubun=26"><span>기업 및 시장</span></a></li>
                </ul>
            </div>
            <div class="cnt3-3-2 ">
                <ul>
                    <li><a href="/socdisBoardView.do?brdId=6&amp;brdGubun=1"><span>거리 두기 체계 개요</span></a></li>
                    <li><a href="/socdisBoardList.do?brdId=6&amp;brdGubun=64&amp;dataGubun=641"><span>단계별 실행방안</span></a></li>  
                    <li><a href="/socdisBoardList.do?brdId=6&amp;brdGubun=65&amp;dataGubun=651"><span>주요 시설·활동 조치사항</span></a></li>
                    <li><a href="/regSocdisBoardView.do?brdId=6&amp;brdGubun=68&amp;ncvContSeq=495"><span>지역별 거리 두기 단계 현황</span></a></li>
                </ul>
            </div>
            <div class="cnt4-4-2 ">
                <ul>
                    <li><a href="/maskDutyBoardList.do?brdId=7&amp;brdGubun=71"><span>지침·제도</span></a></li>
                    <li><a href="/maskDutyBoardList.do?brdId=7&amp;brdGubun=72"><span>FAQ</span></a></li>
                    <li><a href="/maskDutyBoardList.do?brdId=7&amp;brdGubun=73"><span>홍보자료</span></a></li>
                    <li><a href="/maskDutyBoardList.do?brdId=7&amp;brdGubun=74"><span>시도별 현황</span></a></li>
                </ul>
            </div>
        </div>       

<script type="text/javaScript" language="javascript">

function fn_search(pageNo){
    $("#pageIndex").val(pageNo);
    fn_submit();
}

// 권우주 - 21.05.27 - 시도별상세(시군구) 닫기 버튼 클릭 - 작업1 START
function MM_showHideLayers(id) { //v9.0
    var map = "map_city" + id.replace("zone_popup", "");
    document.getElementById(id).className = "";
    document.getElementById(map).className = "open";
}
// END1
</script>

<div class="container"><!-- main_container -->
    <div>
        <div id="content" class="content">
            <div>
                <div class="sub_top">
                    <div class="st_navigation">
                        <ul>
                            <li><a href="/"><span class="hdn">홈</span></a></li>
                            <li><a href="javascript:void(0);" onclick="javascript:fn_goMenu('/bdBoardList.do', '1', '11', '');">발생동향</a></li>
                            <li><a href="javascript:void(0);" onclick="javascript:fn_goMenu('/bdBoardList.do', '1', '13', '');">시도별 발생동향</a></li>
                        </ul>
                    </div>
                    <div class="st_title">
                        <div class="fl_l">
                            <h3>시도별 발생동향</h3>
                        </div>
                    </div>
                </div>
                <!-- s: content -->                      
                <div class="timetable">
                    <p class="info"><span>2022년 08.30. 00</span>시 기준</p>
                </div>
                <div class="regional_patient_status_A">
                    <div class="rpsa_map">
                        <p class="rpsam_descript">시도를 클릭하시면 상세 현황을 확인할 수 있습니다.<br><span class="info">( ) 숫자는 전일대비 증감수치</span></p>
                        <div class="rpsam_graph">
                            <div id="main_maplayout">
<button type="button" data-city="map_city1"><span class="name">서울</span><span class="num">4,545,050</span><span class="before">(+20418)</span></button><button type="button" data-city="map_city2"><span class="name">부산</span><span class="num">1,393,146</span><span class="before">(+7813)</span></button><button type="button" data-city="map_city3"><span class="name">대구</span><span class="num">991,092</span><span class="before">(+6108)</span></button><button type="button" data-city="map_city4"><span class="name">인천</span><span class="num">1,332,407</span><span class="before">(+6477)</span></button><button type="button" data-city="map_city5"><span class="name">광주</span><span class="num">683,592</span><span class="before">(+2953)</span></button><button type="button" data-city="map_city6"><span class="name">대전</span><span class="num">667,216</span><span class="before">(+3884)</span></button><button type="button" data-city="map_city7"><span class="name">울산</span><span class="num">504,261</span><span class="before">(+2103)</span></button><button type="button" data-city="map_city8"><span class="name">세종</span><span class="num">179,728</span><span class="before">(+1067)</span></button><button type="button" data-city="map_city9"><span class="name">경기</span><span class="num">6,219,245</span><span class="before">(+30289)</span></button><button type="button" data-city="map_city10"><span class="name">강원</span><span class="num">674,728</span><span class="before">(+3192)</span></button><button type="button" data-city="map_city11"><span class="name">충북</span><span class="num">717,798</span><span class="before">(+3789)</span></button><button type="button" data-city="map_city12"><span class="name">충남</span><span class="num">926,522</span><span class="before">(+5304)</span></button><button type="button" data-city="map_city13"><span class="name">전북</span><span class="num">780,376</span><span class="before">(+3957)</span></button><button type="button" data-city="map_city14"><span class="name">전남</span><span class="num">769,878</span><span class="before">(+4523)</span></button><button type="button" data-city="map_city15"><span class="name">경북</span><span class="num">1,031,052</span><span class="before">(+4940)</span></button><button type="button" data-city="map_city16"><span class="name">경남</span><span class="num">1,394,061</span><span class="before">(+7762)</span></button><button type="button" data-city="map_city17"><span class="name">제주</span><span class="num">319,552</span><span class="before">(+1035)</span></button><button type="button" data-city="map_city18"><span class="name">검역</span><span class="num">12,775</span><span class="before">(+24)</span></button>
                                <svg xmlns="http://www.w3.org/2000/svg" xmlns:xlink="http://www.w3.org/1999/xlink" version="1.1" id="Layer_1" x="0px" y="0px" width="362px" height="480px" viewBox="0 0 400 530" enable-background="new 0 0 362 480" xml:space="preserve">
                                    <g>
                                        <!--서울 main_map_city1 //-->
                                        <path class="map_city1" fill="#118ac9" stroke="#FFFFFF" stroke-miterlimit="10" d="M114.468,114.24l1.271,2.857l-0.635,2.222l2.857,0.635   l2.857,1.905l3.81,3.174h3.174c0,0,2.857-0.953,3.809-0.953c0.953,0,1.27,1.271,1.27,1.271l1.905,1.587h1.904h2.222l2.857-2.857   l3.492-2.539c0,0,0.952-2.222,0.952-3.174s0.317-2.857,0.317-2.857l1.587-2.222l-1.587-0.635h-2.856l-1.905-1.27l0.318-1.27   l0.952-2.54v-2.54l-0.317-2.222c0,0-0.318-1.587-0.953-2.54c-0.635-0.952-2.222-1.27-2.222-1.27l-5.079-0.635l-1.27,2.222   l-2.857,2.222l-3.491-0.952l-1.588,3.174l-1.904,3.492l-4.762-0.318l-3.492-0.952l-3.242,0.884l0.703,0.703l-1.905,3.492   l-0.006,0.019l1.594,0.298L114.468,114.24z"></path>
                                        <!--부산 main_map_city2 //-->
                                        <path class="map_city2" fill="#118ac9" stroke="#FFFFFF" stroke-miterlimit="10" d="M324.614,374.858l-1.27-1.586l-3.492-0.636l-2.856,0.316   l-1.588,0.953l-3.175,1.27c0,0-0.634-0.635-1.269,0.317c-0.637,0.953-1.588,2.54-3.176,3.493c-1.587,0.95-0.635,1.904-3.491,2.221   c-2.856,0.318-2.856,0.318-2.856,0.318s-1.271,1.27-2.223,2.222c-0.951,0.952-2.539,2.857-2.539,2.857s-0.635,0.317-2.538,0.634   c-1.907,0.317-2.542,0-3.811,0.636c-1.271,0.634-4.127,1.269-4.127,1.269s-1.587,0.954-2.539,2.541   c-0.954,1.587,0.952,0.317-0.954,1.587c-1.903,1.27-3.49,0.318-4.126,1.27c-0.634,0.953,0-0.634-0.634,0.953   c-0.636,1.587,0.951,1.903,0.951,2.856c0,0.951,0.318,2.54,0.318,2.54s-0.636,1.586-1.27,2.856   c-0.171,0.341-0.55,1.053-1.012,1.907h1.22h2.963h4.656l3.387-0.847l2.538-1.269l0.424,4.655l2.963,0.423l2.964-0.423l3.385,1.27   l0.847-3.387l3.386-0.423l3.385-2.962c5.08-1.271,7.197-5.079,7.197-5.079l2.539-6.349l1.27-2.54l2.54-4.233l2.116-2.962   l2.183-0.991c-0.702-0.854-1.335-1.551-1.335-1.551L324.614,374.858z"></path>
                                        <!--대구 main_map_city3 //-->
                                        <path class="map_city3" fill="#118ac9" stroke="#FFFFFF" stroke-miterlimit="10" d="M257.634,330.416l2.54-1.268l3.492-0.318l1.586,3.491l3.175,0.317   l2.856-1.27c0,0,0.317-2.856,0.317-3.809s1.271-3.811,1.271-3.811s0.635-1.27,0.952-2.221c0.318-0.952,0.318-1.588,0.318-2.541   c0-0.951,0-2.222,0-2.222l0.952-1.905c0,0,0,0,2.539,0s2.539-1.586,2.539-1.586l-0.635-1.905l-1.586-2.538l0.951-2.223v-2.54   c0,0-0.635-2.539-1.27-3.491c-0.634-0.953-3.81-1.27-3.81-1.27h-6.35l-4.443,2.538l-3.491,2.858l-1.271,2.856l-1.27,2.54   l-2.856-0.318l-0.317-3.174l-1.588-0.953l-4.127,0.636l-2.856,2.857l-1.271,1.586l1.589,2.54l4.443,0.951l2.222,1.27v2.541   l-2.222,1.27l-3.81,0.635l-1.588,4.128l1.905,3.808l0.636,2.222l-1.271,1.588l-1.586,1.27l-2.223-1.587h-1.269l0.316,2.223   l0.952,2.221l1.588,1.589l0.316,3.174c0,0,2.223-0.635,3.176-0.635c0.951,0,5.396-1.27,5.396-1.27l2.54-3.81l0.444,0.963   l0.509-2.232L257.634,330.416z"></path>
                                        <!--인천 main_map_city4 //-->
                                        <g>
                                            <polygon class="map_city4" fill="#118ac9" stroke="#FFFFFF" stroke-miterlimit="10" points="92.351,111.492 89.811,111.068 86.002,113.185     81.77,113.185 77.96,113.607 75.421,117.84 80.5,122.496 84.31,122.496 87.272,121.227 91.504,119.957 92.774,117.84     96.16,116.147 94.891,112.762    "></polygon>
                                            <polygon class="map_city4" fill="#118ac9" stroke="#FFFFFF" stroke-miterlimit="10" points="78.383,125.036 77.537,128.845 80.077,130.115     81.77,127.152 80.077,125.036    "></polygon>
                                            <path class="map_city4" fill="#118ac9" stroke="#FFFFFF" stroke-miterlimit="10" d="M78.383,109.798l-0.423-2.539l-4.233-0.423l-1.693,0.846    l0.847,2.539c0,0,0.846,0,2.116,0.423C76.267,111.068,78.383,109.798,78.383,109.798z"></path>
                                            <path class="map_city4" fill="#118ac9" stroke="#FFFFFF" stroke-miterlimit="10" d="M109.39,116.144l1.27-3.809l1.905-3.492l-1.587-1.587    c0,0-4.126-2.222-5.396-2.856c-1.27-0.635-1.587-2.857-1.587-2.857s-3.175,0.318-4.127,0.318s-2.859,3.282-2.859,3.282    l0.847,5.925v2.54v5.926l2.116,5.501l3.809,2.963l1.693,1.693l0.085,0.765c1.067-0.604,2.039-1.195,2.563-1.613    c1.587-1.27,1.587-1.27,1.587-1.27l0.635-3.492c0,0,0-1.904,0-2.856c0-0.953-1.905-1.588-1.905-1.588s-0.635-1.904-0.635-2.857    C107.802,115.827,109.39,116.144,109.39,116.144z"></path>
                                            <path class="map_city4" fill="#118ac9" stroke="#FFFFFF" stroke-miterlimit="10" d="M90.658,96.255c0-1.27,0-3.81,0-3.81s0-2.963,0-4.232    c0-1.27-1.27-4.656-1.27-4.656l-1.27-3.81l-2.962-2.963l-2.117-0.423l-2.963,2.117l-2.116,3.386c0,0,0.424,2.539,0.424,3.809    s1.692,4.656,1.692,4.656l0.424,3.386l-0.847,3.386c0,0-1.269,1.693,0,2.963c1.27,1.269,1.693,1.692,3.386,2.115    s3.81,0.847,5.079,0.423c1.27-0.423,2.117-2.116,2.117-2.116S90.658,97.524,90.658,96.255z"></path>
                                            <path class="map_city4" fill="#118ac9" stroke="#FFFFFF" stroke-miterlimit="10" d="M73.305,79.748c0-1.27-0.423-2.963-0.423-2.963l-3.81-0.846    l-2.962,3.809c0,0,0.423,2.54,1.693,2.54s5.079-0.846,5.079-0.846S73.305,81.018,73.305,79.748z"></path>
                                            <path class="map_city4" fill="#118ac9" stroke="#FFFFFF" stroke-miterlimit="10" d="M75.421,88.213l-1.27-2.54l-1.693-1.27    c-1.27,2.117-2.539,3.81-2.539,3.81l0.847,2.54l2.116,2.539l0.847,3.386l2.539-1.693v-2.963l-0.423-1.693L75.421,88.213z"></path>
                                            <polygon class="map_city4" fill="#118ac9" stroke="#FFFFFF" stroke-miterlimit="10" points="63.569,97.524 63.993,100.91 66.533,98.371     66.109,94.138  "></polygon>
                                        </g>
                                        <!--광주  main_map_city5 //-->
                                        <path class="map_city5" fill="#118ac9" stroke="#FFFFFF" stroke-miterlimit="10" d="M106.533,377.08l-2.222-3.808l-2.857-2.54c0,0-0.952,0-1.905,0   c-0.952,0-3.492,0.952-3.492,0.952l-5.714,1.269l-4.444-2.539c0,0-2.54,0.318-3.174,1.271s-3.492,3.809-3.492,3.809l-1.587,1.587   c0,0-1.27,1.906-1.27,2.856c0,0.954,0,1.905,0.952,3.493c0.953,1.588,0.953,1.588,0.953,1.588l2.857,1.27l3.492,0.951l2.222,2.223   l1.905,2.223l2.856-0.317l4.127,0.317l4.444-1.27l1.905,0.952l2.54,0.317c0,0-0.318-0.953,0.952-1.27   c1.27-0.317,2.222-2.223,2.222-2.223l0.953-2.223c0,0,1.587-2.856,1.587-3.808c0-0.954-1.27-3.175-1.27-3.175L106.533,377.08z"></path>
                                        <!--대전  main_map_city6 //-->
                                        <path class="map_city6" fill="#118ac9" stroke="#FFFFFF" stroke-miterlimit="10" d="M166.212,256.453c0-1.587,1.269-2.857,1.269-2.857l0.953-2.222   l1.904-2.222l0.318-2.222l-2.222-2.857l-0.953-3.175l-2.539-1.27l-2.857,1.27l-2.223-1.27l-1.27-3.174l-2.222-1.587l-1.117-0.319   c-0.077,0.509-0.153,1.125-0.153,1.589c0,0.953-1.905,2.539-1.905,2.539l-3.81,3.175h-2.857l0.635,4.126l-1.905,5.079   c0,0-0.952,2.54-0.952,3.492c0,0.952,0,2.857,0.635,5.713c0.634,2.857,2.222,5.713,2.222,5.713l3.809,2.225l1.27-3.176l0.318-4.127   l1.904,1.27l0.953,3.491l1.587,1.904c0,0,0.953,0,1.905,0s4.761-0.951,4.761-0.951l1.905-2.222l0.14,0.016   c0.386-1.914,1.447-3.824,1.447-3.824S166.212,258.042,166.212,256.453z"></path>
                                        <!--울산   main_map_city7 //-->
[...]
                                            <li><a href="http://jihe.jeonbuk.go.kr/" target="_blank" rel="noopener noreferrer" title="전라북도 보건환경연구원 [새창]">전라북도 보건환경연구원<i class="ico_window"><span class="hdn">새창</span></i></a></li>
                                            <li><a href="http://www.jihe.go.kr/" target="_blank" rel="noopener noreferrer" title="전라남도 보건환경연구원 [새창]">전라남도 보건환경연구원<i class="ico_window"><span class="hdn">새창</span></i></a></li>
                                            <li><a href="http://www.gb.go.kr/Main/open_contents/section/inhen/index.html" target="_blank" rel="noopener noreferrer" title="경상북도 보건환경연구원 [새창]">경상북도 보건환경연구원<i class="ico_window"><span class="hdn">새창</span></i></a></li>
                                            <li><a href="http://www.gyeongnam.go.kr/knhe/index.gyeong" target="_blank" rel="noopener noreferrer" title="경상남도 보건환경연구원 [새창]">경상남도 보건환경연구원<i class="ico_window"><span class="hdn">새창</span></i></a></li>
                                            <li><a href="http://hei.jeju.go.kr/" target="_blank" rel="noopener noreferrer" title="제주특별자치도 보건환경연구원 [새창]">제주특별자치도 보건환경연구원<i class="ico_window"><span class="hdn">새창</span></i></a></li>
                                            <li><a href="https://www.sejong.go.kr/vri.do" target="_blank" rel="noopener noreferrer" title="세종시 보건환경 연구원 [새창]">세종시 보건환경 연구원<i class="ico_window"><span class="hdn">새창</span></i></a></li>
                                        </ul>
                                    </div>
                                </li>
                                <li>
                                    <a href="#none"><span>관련기관 </span><em>바로가기</em></a>
                                    <div>
                                        <ul>
                                            <li><a href="https://kosis.kr/covid/covid_index.do" target="_blank" rel="noopener noreferrer" title="통계청 코로나19 [새창]">통계청 코로나19<i class="ico_window"><span class="hdn">새창</span></i></a></li>
                                        </ul>
                                    </div>
                                </li>                                
                            </ul>

                        </div>
                    </div>
            	</div>
            </div>
            <div class="f_bottom">
                <div>
                    <div class="fb_left">
                        <div class="f_navigation">
                            <ul>
                                <li class="txt_private"><strong>신고상담</strong></li>
                                <li>보건소</li>
                                <li class="cdcinfo">질병관리청 콜센터 1339</li>
                                <li>지역번호 + 120</li>
                                <li>지역번호 + 114</li>
                            </ul>
                        </div>
                        <div class="f_copyright">
                            <p>Copyright ⓒ By MOHW. All Rights Reserved.</p>
                        </div>
                    </div>
					 <div class="fb_right">
                         <div class="f_web">
                             <a href="http://www.webwatch.or.kr/Situation/WA_Situation.html?MenuCD=110" target="_blank" rel="noopener noreferrer" title="webwatch 사이트 이동 - 새창"><span><img src="../static/image/footer/web_accessibility_img.png" alt="과학기술정보통신부 WEB ACCESSIBILITY 마크(웹접근성 품질인증 마크)"></span><i class="ico_window"><span class="hdn">새창</span></i></a>
                         </div>
                        <div class="f_open">
							<a href="http://www.kogl.or.kr/" target="_blank" title="OPEN 공공누리 공공저작물 자유이용허락 사이트 이동 - 새창"><span class="hdn">OPEN 공공누리 공공저작물 자유이용허락</span><i class="ico_window"><span class="hdn">새창</span></i></a>
						</div>
					 </div>                    
                </div>
            </div>
        </div>

		<a href="#header" class="btn_top" style="display: none;"><span class="hdn">상단으로 이동</span></a>

		<div class="body_bg"></div>
<script>
    function reverseHtmlTitle() {
        var titleStr = $(document).attr("title");

        var resultStr = "";
        var titleArr = titleStr.split(">");
        for(var i = titleArr.length-1; i >= 0; i--) {
            resultStr += $.trim(titleArr[i]);
            if(i !== 0) {
                resultStr += " < "
            }
        }
        $(document).attr("title", resultStr);
    }

    $(function() {
        reverseHtmlTitle();
    });
</script>

<!-- Global site tag (gtag.js) - Google Analytics -->
<script async="" src="https://www.googletagmanager.com/gtag/js?id=UA-159814989-1"></script>
<script>
  window.dataLayer = window.dataLayer || [];
  function gtag(){dataLayer.push(arguments);}
  gtag('js', new Date());

  gtag('config', 'UA-159814989-1');
</script>
<script type="text/javascript">
    (function(w, d, a){
        w.__beusablerumclient__ = {
            load : function(src){
                var b = d.createElement("script");
                b.src = src; b.async=true; b.type = "text/javascript";
                d.getElementsByTagName("head")[0].appendChild(b);
            }
        };w.__beusablerumclient__.load(a);
    })(window, document, "//rum.beusable.net/script/b210810e114904u843/2f7b84ef24");
</script>
<!-- Global site tag (wcslog.js) - Naver Analytics -->
<script type="text/javascript" src="//wcs.naver.net/wcslog.js"></script>
<script type="text/javascript">
if(!wcs_add) var wcs_add = {};
wcs_add["wa"] = "12ee4497fdbc0a0";
if(window.wcs) {
  wcs_do();
}
</script>
	</div>
<script>
    $(function(){
        //전국 파이
        RPR_A_data = {
            label : ["기타","경기","서울","부산","경남"],
            figure : [9590977,6219245,4545050,1393146,1394061]
        };
        
        //전국 바
        RPSBaseData = [{"name": "서울", "count": 4545050 },{"name": "부산", "count": 1393146 },{"name": "대구", "count": 991092 },{"name": "인천", "count": 1332407 },{"name": "광주", "count": 683592 },{"name": "대전", "count": 667216 },{"name": "울산", "count": 504261 },{"name": "세종", "count": 179728 },{"name": "경기", "count": 6219245 },{"name": "강원", "count": 674728 },{"name": "충북", "count": 717798 },{"name": "충남", "count": 926522 },{"name": "전북", "count": 780376 },{"name": "전남", "count": 769878 },{"name": "경북", "count": 1031052 },{"name": "경남", "count": 1394061 },{"name": "제주", "count": 319552 },{"name": "검역", "count": 12775 }];
    
        RPRAChart();
        RPSAChart();
        RPSACityRatio();
        RPSBChart();            
        
        /* 20201223 지도컬러 자동처리 */
        var MAP_COLOR_DATA = {
            level1 : '#b2e1ff', /* 1,000명이하 */
            level2 : '#15a8de', /* 1,000명 ~ 5,000명 이하 */
            level3 : '#118ac9'  /* 5,000명 이상 */
        };

        function numArry( numlist ){
            var numObj = [];
            $(numlist).each(function ( index ) {
                numObj.push( $(this).text().replace(/[^0-9]/g,""));
            });
            return numObj;
        };

        var MAP_CITY_NUM_list = $("button[data-city^='map_city']").find(".num").toArray();
        var MAP_CITY_NUM = numArry(MAP_CITY_NUM_list);

        function liveCityColorCheck(){
            MAP_CITY_NUM.forEach(function(value, index) {
                var cityStr = 'map_city' + (index + 1);
                 var cityColorCalc;

                if ( value <= 1000 ){
                    cityColorCalc = 'level1';
                }else if ( value >= 5000 ){
                    cityColorCalc = 'level3';
                }else{
                    cityColorCalc = 'level2';
                }
                $('.' + cityStr).attr('fill', MAP_COLOR_DATA[cityColorCalc]);
          });   
        }
        
        liveCityColorCheck();

        // 웹접근성으로 추가
        $('.mapview .menuinfo > a').attr('href', '#link');
    });

    $(function() {
        var $tmp = $('.c_chart_rpr_A + .citychart');
        $tmp.removeClass('citychart').addClass('hdn');
    });
</script>


</body></html>
Hibernate: 
    insert 
    into
        scraping_entity
        (seq, city, covid19_confirmed, increase_num) 
    values
        (default, ?, ?, ?)
2022-08-30 12:27:36.034 TRACE 9780 --- [    Test worker] o.h.type.descriptor.sql.BasicBinder      : binding parameter [1] as [VARCHAR] - [검색영역 열림]
2022-08-30 12:27:36.051 TRACE 9780 --- [    Test worker] o.h.type.descriptor.sql.BasicBinder      : binding parameter [2] as [VARCHAR] - [null]
2022-08-30 12:27:36.051 TRACE 9780 --- [    Test worker] o.h.type.descriptor.sql.BasicBinder      : binding parameter [3] as [VARCHAR] - [null]
Hibernate: 
    insert 
    into
        scraping_entity
        (seq, city, covid19_confirmed, increase_num) 
    values
        (default, ?, ?, ?)
2022-08-30 12:27:36.416 TRACE 9780 --- [    Test worker] o.h.type.descriptor.sql.BasicBinder      : binding parameter [1] as [VARCHAR] - [null]
2022-08-30 12:27:36.417 TRACE 9780 --- [    Test worker] o.h.type.descriptor.sql.BasicBinder      : binding parameter [2] as [VARCHAR] - [null]
2022-08-30 12:27:36.417 TRACE 9780 --- [    Test worker] o.h.type.descriptor.sql.BasicBinder      : binding parameter [3] as [VARCHAR] - [null]
Hibernate: 
    insert 
    into
        scraping_entity
        (seq, city, covid19_confirmed, increase_num) 
    values
        (default, ?, ?, ?)
2022-08-30 12:27:37.822 TRACE 9780 --- [    Test worker] o.h.type.descriptor.sql.BasicBinder      : binding parameter [1] as [VARCHAR] - [서울]
2022-08-30 12:27:37.822 TRACE 9780 --- [    Test worker] o.h.type.descriptor.sql.BasicBinder      : binding parameter [2] as [VARCHAR] - [4,545,050]
2022-08-30 12:27:37.822 TRACE 9780 --- [    Test worker] o.h.type.descriptor.sql.BasicBinder      : binding parameter [3] as [VARCHAR] - [(+20418)]
Hibernate: 
    insert 
    into
        scraping_entity
        (seq, city, covid19_confirmed, increase_num) 
    values
        (default, ?, ?, ?)
2022-08-30 12:27:38.112 TRACE 9780 --- [    Test worker] o.h.type.descriptor.sql.BasicBinder      : binding parameter [1] as [VARCHAR] - [부산]
2022-08-30 12:27:38.112 TRACE 9780 --- [    Test worker] o.h.type.descriptor.sql.BasicBinder      : binding parameter [2] as [VARCHAR] - [1,393,146]
2022-08-30 12:27:38.112 TRACE 9780 --- [    Test worker] o.h.type.descriptor.sql.BasicBinder      : binding parameter [3] as [VARCHAR] - [(+7813)]
Hibernate: 
    insert 
    into
        scraping_entity
        (seq, city, covid19_confirmed, increase_num) 
    values
        (default, ?, ?, ?)
2022-08-30 12:27:38.277 TRACE 9780 --- [    Test worker] o.h.type.descriptor.sql.BasicBinder      : binding parameter [1] as [VARCHAR] - [대구]
2022-08-30 12:27:38.277 TRACE 9780 --- [    Test worker] o.h.type.descriptor.sql.BasicBinder      : binding parameter [2] as [VARCHAR] - [991,092]
2022-08-30 12:27:38.277 TRACE 9780 --- [    Test worker] o.h.type.descriptor.sql.BasicBinder      : binding parameter [3] as [VARCHAR] - [(+6108)]
Hibernate: 
    insert 
    into
        scraping_entity
        (seq, city, covid19_confirmed, increase_num) 
    values
        (default, ?, ?, ?)
2022-08-30 12:27:38.449 TRACE 9780 --- [    Test worker] o.h.type.descriptor.sql.BasicBinder      : binding parameter [1] as [VARCHAR] - [인천]
2022-08-30 12:27:38.450 TRACE 9780 --- [    Test worker] o.h.type.descriptor.sql.BasicBinder      : binding parameter [2] as [VARCHAR] - [1,332,407]
2022-08-30 12:27:38.450 TRACE 9780 --- [    Test worker] o.h.type.descriptor.sql.BasicBinder      : binding parameter [3] as [VARCHAR] - [(+6477)]
Hibernate: 
    insert 
    into
        scraping_entity
        (seq, city, covid19_confirmed, increase_num) 
    values
        (default, ?, ?, ?)
2022-08-30 12:27:38.775 TRACE 9780 --- [    Test worker] o.h.type.descriptor.sql.BasicBinder      : binding parameter [1] as [VARCHAR] - [광주]
2022-08-30 12:27:38.776 TRACE 9780 --- [    Test worker] o.h.type.descriptor.sql.BasicBinder      : binding parameter [2] as [VARCHAR] - [683,592]
2022-08-30 12:27:38.776 TRACE 9780 --- [    Test worker] o.h.type.descriptor.sql.BasicBinder      : binding parameter [3] as [VARCHAR] - [(+2953)]
Hibernate: 
    insert 
    into
        scraping_entity
        (seq, city, covid19_confirmed, increase_num) 
    values
        (default, ?, ?, ?)
2022-08-30 12:27:38.939 TRACE 9780 --- [    Test worker] o.h.type.descriptor.sql.BasicBinder      : binding parameter [1] as [VARCHAR] - [대전]
2022-08-30 12:27:38.939 TRACE 9780 --- [    Test worker] o.h.type.descriptor.sql.BasicBinder      : binding parameter [2] as [VARCHAR] - [667,216]
2022-08-30 12:27:38.939 TRACE 9780 --- [    Test worker] o.h.type.descriptor.sql.BasicBinder      : binding parameter [3] as [VARCHAR] - [(+3884)]
Hibernate: 
    insert 
    into
        scraping_entity
        (seq, city, covid19_confirmed, increase_num) 
    values
        (default, ?, ?, ?)
2022-08-30 12:27:39.121 TRACE 9780 --- [    Test worker] o.h.type.descriptor.sql.BasicBinder      : binding parameter [1] as [VARCHAR] - [울산]
2022-08-30 12:27:39.121 TRACE 9780 --- [    Test worker] o.h.type.descriptor.sql.BasicBinder      : binding parameter [2] as [VARCHAR] - [504,261]
2022-08-30 12:27:39.122 TRACE 9780 --- [    Test worker] o.h.type.descriptor.sql.BasicBinder      : binding parameter [3] as [VARCHAR] - [(+2103)]
Hibernate: 
    insert 
    into
        scraping_entity
        (seq, city, covid19_confirmed, increase_num) 
    values
        (default, ?, ?, ?)
2022-08-30 12:27:39.247 TRACE 9780 --- [    Test worker] o.h.type.descriptor.sql.BasicBinder      : binding parameter [1] as [VARCHAR] - [세종]
2022-08-30 12:27:39.248 TRACE 9780 --- [    Test worker] o.h.type.descriptor.sql.BasicBinder      : binding parameter [2] as [VARCHAR] - [179,728]
2022-08-30 12:27:39.248 TRACE 9780 --- [    Test worker] o.h.type.descriptor.sql.BasicBinder      : binding parameter [3] as [VARCHAR] - [(+1067)]
Hibernate: 
    insert 
    into
        scraping_entity
        (seq, city, covid19_confirmed, increase_num) 
    values
        (default, ?, ?, ?)
2022-08-30 12:27:39.417 TRACE 9780 --- [    Test worker] o.h.type.descriptor.sql.BasicBinder      : binding parameter [1] as [VARCHAR] - [경기]
2022-08-30 12:27:39.419 TRACE 9780 --- [    Test worker] o.h.type.descriptor.sql.BasicBinder      : binding parameter [2] as [VARCHAR] - [6,219,245]
2022-08-30 12:27:39.419 TRACE 9780 --- [    Test worker] o.h.type.descriptor.sql.BasicBinder      : binding parameter [3] as [VARCHAR] - [(+30289)]
Hibernate: 
    insert 
    into
        scraping_entity
        (seq, city, covid19_confirmed, increase_num) 
    values
        (default, ?, ?, ?)
2022-08-30 12:27:39.555 TRACE 9780 --- [    Test worker] o.h.type.descriptor.sql.BasicBinder      : binding parameter [1] as [VARCHAR] - [강원]
2022-08-30 12:27:39.556 TRACE 9780 --- [    Test worker] o.h.type.descriptor.sql.BasicBinder      : binding parameter [2] as [VARCHAR] - [674,728]
2022-08-30 12:27:39.556 TRACE 9780 --- [    Test worker] o.h.type.descriptor.sql.BasicBinder      : binding parameter [3] as [VARCHAR] - [(+3192)]
Hibernate: 
    insert 
    into
        scraping_entity
        (seq, city, covid19_confirmed, increase_num) 
    values
        (default, ?, ?, ?)
2022-08-30 12:27:39.691 TRACE 9780 --- [    Test worker] o.h.type.descriptor.sql.BasicBinder      : binding parameter [1] as [VARCHAR] - [충북]
2022-08-30 12:27:39.692 TRACE 9780 --- [    Test worker] o.h.type.descriptor.sql.BasicBinder      : binding parameter [2] as [VARCHAR] - [717,798]
2022-08-30 12:27:39.692 TRACE 9780 --- [    Test worker] o.h.type.descriptor.sql.BasicBinder      : binding parameter [3] as [VARCHAR] - [(+3789)]
Hibernate: 
    insert 
    into
        scraping_entity
        (seq, city, covid19_confirmed, increase_num) 
    values
        (default, ?, ?, ?)
2022-08-30 12:27:39.835 TRACE 9780 --- [    Test worker] o.h.type.descriptor.sql.BasicBinder      : binding parameter [1] as [VARCHAR] - [충남]
2022-08-30 12:27:39.836 TRACE 9780 --- [    Test worker] o.h.type.descriptor.sql.BasicBinder      : binding parameter [2] as [VARCHAR] - [926,522]
2022-08-30 12:27:39.836 TRACE 9780 --- [    Test worker] o.h.type.descriptor.sql.BasicBinder      : binding parameter [3] as [VARCHAR] - [(+5304)]
Hibernate: 
    insert 
    into
        scraping_entity
        (seq, city, covid19_confirmed, increase_num) 
    values
        (default, ?, ?, ?)
2022-08-30 12:27:39.948 TRACE 9780 --- [    Test worker] o.h.type.descriptor.sql.BasicBinder      : binding parameter [1] as [VARCHAR] - [전북]
2022-08-30 12:27:39.948 TRACE 9780 --- [    Test worker] o.h.type.descriptor.sql.BasicBinder      : binding parameter [2] as [VARCHAR] - [780,376]
2022-08-30 12:27:39.948 TRACE 9780 --- [    Test worker] o.h.type.descriptor.sql.BasicBinder      : binding parameter [3] as [VARCHAR] - [(+3957)]
Hibernate: 
    insert 
    into
        scraping_entity
        (seq, city, covid19_confirmed, increase_num) 
    values
        (default, ?, ?, ?)
2022-08-30 12:27:40.040 TRACE 9780 --- [    Test worker] o.h.type.descriptor.sql.BasicBinder      : binding parameter [1] as [VARCHAR] - [전남]
2022-08-30 12:27:40.040 TRACE 9780 --- [    Test worker] o.h.type.descriptor.sql.BasicBinder      : binding parameter [2] as [VARCHAR] - [769,878]
2022-08-30 12:27:40.040 TRACE 9780 --- [    Test worker] o.h.type.descriptor.sql.BasicBinder      : binding parameter [3] as [VARCHAR] - [(+4523)]
Hibernate: 
    insert 
    into
        scraping_entity
        (seq, city, covid19_confirmed, increase_num) 
    values
        (default, ?, ?, ?)
2022-08-30 12:27:40.129 TRACE 9780 --- [    Test worker] o.h.type.descriptor.sql.BasicBinder      : binding parameter [1] as [VARCHAR] - [경북]
2022-08-30 12:27:40.129 TRACE 9780 --- [    Test worker] o.h.type.descriptor.sql.BasicBinder      : binding parameter [2] as [VARCHAR] - [1,031,052]
2022-08-30 12:27:40.129 TRACE 9780 --- [    Test worker] o.h.type.descriptor.sql.BasicBinder      : binding parameter [3] as [VARCHAR] - [(+4940)]
Hibernate: 
    insert 
    into
        scraping_entity
        (seq, city, covid19_confirmed, increase_num) 
    values
        (default, ?, ?, ?)
2022-08-30 12:27:40.224 TRACE 9780 --- [    Test worker] o.h.type.descriptor.sql.BasicBinder      : binding parameter [1] as [VARCHAR] - [경남]
2022-08-30 12:27:40.224 TRACE 9780 --- [    Test worker] o.h.type.descriptor.sql.BasicBinder      : binding parameter [2] as [VARCHAR] - [1,394,061]
2022-08-30 12:27:40.224 TRACE 9780 --- [    Test worker] o.h.type.descriptor.sql.BasicBinder      : binding parameter [3] as [VARCHAR] - [(+7762)]
Hibernate: 
    insert 
    into
        scraping_entity
        (seq, city, covid19_confirmed, increase_num) 
    values
        (default, ?, ?, ?)
2022-08-30 12:27:40.355 TRACE 9780 --- [    Test worker] o.h.type.descriptor.sql.BasicBinder      : binding parameter [1] as [VARCHAR] - [제주]
2022-08-30 12:27:40.355 TRACE 9780 --- [    Test worker] o.h.type.descriptor.sql.BasicBinder      : binding parameter [2] as [VARCHAR] - [319,552]
2022-08-30 12:27:40.355 TRACE 9780 --- [    Test worker] o.h.type.descriptor.sql.BasicBinder      : binding parameter [3] as [VARCHAR] - [(+1035)]
Hibernate: 
    insert 
    into
        scraping_entity
        (seq, city, covid19_confirmed, increase_num) 
    values
        (default, ?, ?, ?)
2022-08-30 12:27:40.471 TRACE 9780 --- [    Test worker] o.h.type.descriptor.sql.BasicBinder      : binding parameter [1] as [VARCHAR] - [검역]
2022-08-30 12:27:40.472 TRACE 9780 --- [    Test worker] o.h.type.descriptor.sql.BasicBinder      : binding parameter [2] as [VARCHAR] - [12,775]
2022-08-30 12:27:40.472 TRACE 9780 --- [    Test worker] o.h.type.descriptor.sql.BasicBinder      : binding parameter [3] as [VARCHAR] - [(+24)]
]]></system-out>
  <system-err><![CDATA[Starting ChromeDriver 104.0.5112.79 (3cf3e8c8a07d104b9e1260c910efb8f383285dc5-refs/branch-heads/5112@{#1307}) on port 53355
Only local connections are allowed.
Please see https://chromedriver.chromium.org/security-considerations for suggestions on keeping ChromeDriver safe.
ChromeDriver was started successfully.
]]></system-err>
</testsuite>
